<?xml version="1.0" encoding="UTF-8"?>
<!-- Generated by org.testng.reporters.JUnitXMLReporter -->
<testsuite ignored="0" hostname="DESKTOP-B9DS4VV" failures="4" tests="51" name="Chrome" time="786.753" errors="0" timestamp="2025-10-05T14:58:55 IST">
  <testcase classname="com.parabank.tests.BillPayTests" name="billPayScenarios" time="14.203"/>
  <testcase classname="com.parabank.tests.BillPayTests" name="billPayScenarios" time="9.503"/>
  <testcase classname="com.parabank.tests.LoanTests" name="requestLoan" time="8.676"/>
  <testcase classname="com.parabank.tests.RegistrationTests" name="testRegistration" time="8.202"/>
  <testcase classname="com.parabank.tests.RegistrationTests" name="testRegistration" time="8.352"/>
  <testcase classname="com.parabank.tests.LoginTests" name="testSuccessfulLogin" time="3.79"/>
  <testcase classname="com.parabank.tests.LoginTests" name="testSuccessfulLogin" time="0.002"/>
  <testcase classname="com.parabank.tests.LoginTests" name="testSuccessfulLogin" time="0.007"/>
  <testcase classname="com.parabank.tests.LoginTests" name="testSuccessfulLogin" time="0.006"/>
  <testcase classname="com.parabank.tests.LoginTests" name="testSuccessfulLogin" time="0.007"/>
  <testcase classname="com.parabank.tests.LoginTests" name="testSuccessfulLogin" time="0.002"/>
  <testcase classname="com.parabank.tests.TransferTests" name="transferFunds" time="9.623"/>
  <testcase classname="com.parabank.tests.TransferTests" name="transferFunds" time="27.79">
    <failure type="org.openqa.selenium.TimeoutException" message="Expected condition failed: waiting for visibility of [[ChromeDriver: chrome on windows (7f73425ceea52922f8e26e9d9ac54e4b)] -&amp;gt; css selector: #rightPanel .title] (tried for 20 second(s) with 500 milliseconds interval)
Build info: version: &amp;apos;4.24.0&amp;apos;, revision: &amp;apos;748ffc9bc3&amp;apos;
System info: os.name: &amp;apos;Windows 11&amp;apos;, os.arch: &amp;apos;amd64&amp;apos;, os.version: &amp;apos;10.0&amp;apos;, java.version: &amp;apos;21.0.6&amp;apos;
Driver info: org.openqa.selenium.chrome.ChromeDriver
Capabilities {acceptInsecureCerts: false, browserName: chrome, browserVersion: 140.0.7339.208, chrome: {chromedriverVersion: 140.0.7339.207 (17230b545fd..., userDataDir: C:\Users\pc\AppData\Local\T...}, fedcm:accounts: true, goog:chromeOptions: {debuggerAddress: localhost:58317}, networkConnectionEnabled: false, pageLoadStrategy: normal, platformName: windows, proxy: Proxy(), se:cdp: ws://localhost:58317/devtoo..., se:cdpVersion: 140.0.7339.208, setWindowRect: true, strictFileInteractability: false, timeouts: {implicit: 0, pageLoad: 300000, script: 30000}, unhandledPromptBehavior: dismiss and notify, webauthn:extension:credBlob: true, webauthn:extension:largeBlob: true, webauthn:extension:minPinLength: true, webauthn:extension:prf: true, webauthn:virtualAuthenticators: true}
Session ID: 7f73425ceea52922f8e26e9d9ac54e4b">
      <![CDATA[org.openqa.selenium.TimeoutException: Expected condition failed: waiting for visibility of [[ChromeDriver: chrome on windows (7f73425ceea52922f8e26e9d9ac54e4b)] -> css selector: #rightPanel .title] (tried for 20 second(s) with 500 milliseconds interval)
Build info: version: '4.24.0', revision: '748ffc9bc3'
System info: os.name: 'Windows 11', os.arch: 'amd64', os.version: '10.0', java.version: '21.0.6'
Driver info: org.openqa.selenium.chrome.ChromeDriver
Capabilities {acceptInsecureCerts: false, browserName: chrome, browserVersion: 140.0.7339.208, chrome: {chromedriverVersion: 140.0.7339.207 (17230b545fd..., userDataDir: C:\Users\pc\AppData\Local\T...}, fedcm:accounts: true, goog:chromeOptions: {debuggerAddress: localhost:58317}, networkConnectionEnabled: false, pageLoadStrategy: normal, platformName: windows, proxy: Proxy(), se:cdp: ws://localhost:58317/devtoo..., se:cdpVersion: 140.0.7339.208, setWindowRect: true, strictFileInteractability: false, timeouts: {implicit: 0, pageLoad: 300000, script: 30000}, unhandledPromptBehavior: dismiss and notify, webauthn:extension:credBlob: true, webauthn:extension:largeBlob: true, webauthn:extension:minPinLength: true, webauthn:extension:prf: true, webauthn:virtualAuthenticators: true}
Session ID: 7f73425ceea52922f8e26e9d9ac54e4b
at org.openqa.selenium.support.ui.WebDriverWait.timeoutException(WebDriverWait.java:84)
at org.openqa.selenium.support.ui.FluentWait.until(FluentWait.java:228)
at com.parabank.pages.BasePage.getText(BasePage.java:39)
at com.parabank.pages.TransferFundsPage.getConfirmation(TransferFundsPage.java:87)
at com.parabank.tests.TransferTests.transferFunds(TransferTests.java:37)
at java.base/java.util.ArrayList.forEach(ArrayList.java:1596)
at java.base/java.util.concurrent.FutureTask.run(FutureTask.java:317)
at java.base/java.util.concurrent.ThreadPoolExecutor.runWorker(ThreadPoolExecutor.java:1144)
at java.base/java.util.concurrent.ThreadPoolExecutor$Worker.run(ThreadPoolExecutor.java:642)
at java.base/java.lang.Thread.run(Thread.java:1583)
... Removed 15 stack frames]]>
    </failure>
  </testcase> <!-- transferFunds -->
  <testcase classname="com.parabank.tests.AccountTests" name="verifyAccountOverview" time="3.311"/>
  <testcase classname="com.parabank.tests.LoanTests" name="findTransactions" time="11.936"/>
  <testcase classname="com.parabank.tests.LoanTests" name="findTransactions" time="12.255"/>
  <testcase classname="com.parabank.tests.BillPayTests" name="paymentHistory" time="23.623"/>
  <testcase classname="com.parabank.tests.BillPayTests" name="paymentHistory" time="2.011">
    <failure type="org.openqa.selenium.StaleElementReferenceException" message="stale element reference: stale element not found
  (Session info: chrome=140.0.7339.208)
For documentation on this error, please visit: https://www.selenium.dev/documentation/webdriver/troubleshooting/errors#stale-element-reference-exception
Build info: version: &amp;apos;4.24.0&amp;apos;, revision: &amp;apos;748ffc9bc3&amp;apos;
System info: os.name: &amp;apos;Windows 11&amp;apos;, os.arch: &amp;apos;amd64&amp;apos;, os.version: &amp;apos;10.0&amp;apos;, java.version: &amp;apos;21.0.6&amp;apos;
Driver info: org.openqa.selenium.chrome.ChromeDriver
Command: [6ab7d24b1631899fa4c5b036c0a8b975, isElementDisplayed {id=f.67661563E98F6113508CBEF160566EC8.d.134E82C9884AF7A03AF55F7D2C14149D.e.12}]
Capabilities {acceptInsecureCerts: false, browserName: chrome, browserVersion: 140.0.7339.208, chrome: {chromedriverVersion: 140.0.7339.207 (17230b545fd..., userDataDir: C:\Users\pc\AppData\Local\T...}, fedcm:accounts: true, goog:chromeOptions: {debuggerAddress: localhost:58808}, networkConnectionEnabled: false, pageLoadStrategy: normal, platformName: windows, proxy: Proxy(), se:cdp: ws://localhost:58808/devtoo..., se:cdpVersion: 140.0.7339.208, setWindowRect: true, strictFileInteractability: false, timeouts: {implicit: 0, pageLoad: 300000, script: 30000}, unhandledPromptBehavior: dismiss and notify, webauthn:extension:credBlob: true, webauthn:extension:largeBlob: true, webauthn:extension:minPinLength: true, webauthn:extension:prf: true, webauthn:virtualAuthenticators: true}
Element: [[ChromeDriver: chrome on windows (6ab7d24b1631899fa4c5b036c0a8b975)] -&amp;gt; link text: Bill Pay]
Session ID: 6ab7d24b1631899fa4c5b036c0a8b975">
      <![CDATA[org.openqa.selenium.StaleElementReferenceException: stale element reference: stale element not found
  (Session info: chrome=140.0.7339.208)
For documentation on this error, please visit: https://www.selenium.dev/documentation/webdriver/troubleshooting/errors#stale-element-reference-exception
Build info: version: '4.24.0', revision: '748ffc9bc3'
System info: os.name: 'Windows 11', os.arch: 'amd64', os.version: '10.0', java.version: '21.0.6'
Driver info: org.openqa.selenium.chrome.ChromeDriver
Command: [6ab7d24b1631899fa4c5b036c0a8b975, isElementDisplayed {id=f.67661563E98F6113508CBEF160566EC8.d.134E82C9884AF7A03AF55F7D2C14149D.e.12}]
Capabilities {acceptInsecureCerts: false, browserName: chrome, browserVersion: 140.0.7339.208, chrome: {chromedriverVersion: 140.0.7339.207 (17230b545fd..., userDataDir: C:\Users\pc\AppData\Local\T...}, fedcm:accounts: true, goog:chromeOptions: {debuggerAddress: localhost:58808}, networkConnectionEnabled: false, pageLoadStrategy: normal, platformName: windows, proxy: Proxy(), se:cdp: ws://localhost:58808/devtoo..., se:cdpVersion: 140.0.7339.208, setWindowRect: true, strictFileInteractability: false, timeouts: {implicit: 0, pageLoad: 300000, script: 30000}, unhandledPromptBehavior: dismiss and notify, webauthn:extension:credBlob: true, webauthn:extension:largeBlob: true, webauthn:extension:minPinLength: true, webauthn:extension:prf: true, webauthn:virtualAuthenticators: true}
Element: [[ChromeDriver: chrome on windows (6ab7d24b1631899fa4c5b036c0a8b975)] -> link text: Bill Pay]
Session ID: 6ab7d24b1631899fa4c5b036c0a8b975
at org.openqa.selenium.remote.ErrorCodec.decode(ErrorCodec.java:167)
at org.openqa.selenium.remote.codec.w3c.W3CHttpResponseCodec.decode(W3CHttpResponseCodec.java:138)
at org.openqa.selenium.remote.codec.w3c.W3CHttpResponseCodec.decode(W3CHttpResponseCodec.java:50)
at org.openqa.selenium.remote.HttpCommandExecutor.execute(HttpCommandExecutor.java:190)
at org.openqa.selenium.remote.service.DriverCommandExecutor.invokeExecute(DriverCommandExecutor.java:216)
at org.openqa.selenium.remote.service.DriverCommandExecutor.execute(DriverCommandExecutor.java:174)
at org.openqa.selenium.remote.RemoteWebDriver.execute(RemoteWebDriver.java:545)
at org.openqa.selenium.remote.RemoteWebElement.execute(RemoteWebElement.java:223)
at org.openqa.selenium.remote.RemoteWebElement.isDisplayed(RemoteWebElement.java:282)
at org.openqa.selenium.support.pagefactory.internal.LocatingElementHandler.invoke(LocatingElementHandler.java:51)
at jdk.proxy2/jdk.proxy2.$Proxy21.isDisplayed(Unknown Source)
at org.openqa.selenium.support.ui.ExpectedConditions.elementIfVisible(ExpectedConditions.java:304)
at org.openqa.selenium.support.ui.ExpectedConditions$10.apply(ExpectedConditions.java:290)
at org.openqa.selenium.support.ui.ExpectedConditions$10.apply(ExpectedConditions.java:287)
at org.openqa.selenium.support.ui.ExpectedConditions$23.apply(ExpectedConditions.java:656)
at org.openqa.selenium.support.ui.ExpectedConditions$23.apply(ExpectedConditions.java:652)
at org.openqa.selenium.support.ui.FluentWait.until(FluentWait.java:203)
at com.parabank.pages.BasePage.click(BasePage.java:23)
at com.parabank.pages.AccountsOverviewPage.goToBillPay(AccountsOverviewPage.java:85)
at com.parabank.tests.BillPayTests.paymentHistory(BillPayTests.java:49)
at java.base/java.util.ArrayList.forEach(ArrayList.java:1596)
at java.base/java.util.concurrent.FutureTask.run(FutureTask.java:317)
at java.base/java.util.concurrent.ThreadPoolExecutor.runWorker(ThreadPoolExecutor.java:1144)
at java.base/java.util.concurrent.ThreadPoolExecutor$Worker.run(ThreadPoolExecutor.java:642)
at java.base/java.lang.Thread.run(Thread.java:1583)
... Removed 20 stack frames]]>
    </failure>
  </testcase> <!-- paymentHistory -->
  <testcase classname="com.parabank.tests.LoginTests" name="testBlankLogin" time="0.003"/>
  <testcase classname="com.parabank.tests.LoginTests" name="testBlankLogin" time="0.003"/>
  <testcase classname="com.parabank.tests.LoginTests" name="testBlankLogin" time="0.002"/>
  <testcase classname="com.parabank.tests.LoginTests" name="testBlankLogin" time="0.009"/>
  <testcase classname="com.parabank.tests.LoginTests" name="testBlankLogin" time="0.006"/>
  <testcase classname="com.parabank.tests.LoginTests" name="testBlankLogin" time="1.087"/>
  <testcase classname="com.parabank.tests.RegistrationTests" name="testRegistrationRequiredValidation" time="4.218"/>
  <testcase classname="com.parabank.tests.TransferTests" name="transferTransactionHistory" time="22.562"/>
  <testcase classname="com.parabank.tests.TransferTests" name="transferTransactionHistory" time="15.038"/>
  <testcase classname="com.parabank.tests.AccountTests" name="verifyAccountDetailsPage" time="7.825"/>
  <testcase classname="com.parabank.tests.BillPayTests" name="billPayRequiredFieldValidation" time="9.511"/>
  <testcase classname="com.parabank.tests.LoanTests" name="contactForm" time="7.283"/>
  <testcase classname="com.parabank.tests.LoginTests" name="testLogout" time="3.099"/>
  <testcase classname="com.parabank.tests.RegistrationTests" name="testRegistrationPasswordMismatch_clean" time="8.206"/>
  <testcase classname="com.parabank.tests.TransferTests" name="transferInputValidationCases" time="0.002"/>
  <testcase classname="com.parabank.tests.TransferTests" name="transferInputValidationCases" time="49.416">
    <failure type="org.openqa.selenium.TimeoutException" message="Expected condition failed: waiting for visibility of [[ChromeDriver: chrome on windows (4885203bc46b0d2010a40e034500bdae)] -&amp;gt; css selector: #rightPanel .title] (tried for 20 second(s) with 500 milliseconds interval)
Build info: version: &amp;apos;4.24.0&amp;apos;, revision: &amp;apos;748ffc9bc3&amp;apos;
System info: os.name: &amp;apos;Windows 11&amp;apos;, os.arch: &amp;apos;amd64&amp;apos;, os.version: &amp;apos;10.0&amp;apos;, java.version: &amp;apos;21.0.6&amp;apos;
Driver info: org.openqa.selenium.chrome.ChromeDriver
Capabilities {acceptInsecureCerts: false, browserName: chrome, browserVersion: 140.0.7339.208, chrome: {chromedriverVersion: 140.0.7339.207 (17230b545fd..., userDataDir: C:\Users\pc\AppData\Local\T...}, fedcm:accounts: true, goog:chromeOptions: {debuggerAddress: localhost:52139}, networkConnectionEnabled: false, pageLoadStrategy: normal, platformName: windows, proxy: Proxy(), se:cdp: ws://localhost:52139/devtoo..., se:cdpVersion: 140.0.7339.208, setWindowRect: true, strictFileInteractability: false, timeouts: {implicit: 0, pageLoad: 300000, script: 30000}, unhandledPromptBehavior: dismiss and notify, webauthn:extension:credBlob: true, webauthn:extension:largeBlob: true, webauthn:extension:minPinLength: true, webauthn:extension:prf: true, webauthn:virtualAuthenticators: true}
Session ID: 4885203bc46b0d2010a40e034500bdae">
      <![CDATA[org.openqa.selenium.TimeoutException: Expected condition failed: waiting for visibility of [[ChromeDriver: chrome on windows (4885203bc46b0d2010a40e034500bdae)] -> css selector: #rightPanel .title] (tried for 20 second(s) with 500 milliseconds interval)
Build info: version: '4.24.0', revision: '748ffc9bc3'
System info: os.name: 'Windows 11', os.arch: 'amd64', os.version: '10.0', java.version: '21.0.6'
Driver info: org.openqa.selenium.chrome.ChromeDriver
Capabilities {acceptInsecureCerts: false, browserName: chrome, browserVersion: 140.0.7339.208, chrome: {chromedriverVersion: 140.0.7339.207 (17230b545fd..., userDataDir: C:\Users\pc\AppData\Local\T...}, fedcm:accounts: true, goog:chromeOptions: {debuggerAddress: localhost:52139}, networkConnectionEnabled: false, pageLoadStrategy: normal, platformName: windows, proxy: Proxy(), se:cdp: ws://localhost:52139/devtoo..., se:cdpVersion: 140.0.7339.208, setWindowRect: true, strictFileInteractability: false, timeouts: {implicit: 0, pageLoad: 300000, script: 30000}, unhandledPromptBehavior: dismiss and notify, webauthn:extension:credBlob: true, webauthn:extension:largeBlob: true, webauthn:extension:minPinLength: true, webauthn:extension:prf: true, webauthn:virtualAuthenticators: true}
Session ID: 4885203bc46b0d2010a40e034500bdae
at org.openqa.selenium.support.ui.WebDriverWait.timeoutException(WebDriverWait.java:84)
at org.openqa.selenium.support.ui.FluentWait.until(FluentWait.java:228)
at com.parabank.pages.BasePage.getText(BasePage.java:39)
at com.parabank.pages.TransferFundsPage.getConfirmation(TransferFundsPage.java:87)
at com.parabank.tests.TransferTests.transferInputValidationCases(TransferTests.java:112)
at java.base/java.util.ArrayList.forEach(ArrayList.java:1596)
at java.base/java.util.concurrent.FutureTask.run(FutureTask.java:317)
at java.base/java.util.concurrent.ThreadPoolExecutor.runWorker(ThreadPoolExecutor.java:1144)
at java.base/java.util.concurrent.ThreadPoolExecutor$Worker.run(ThreadPoolExecutor.java:642)
at java.base/java.lang.Thread.run(Thread.java:1583)
... Removed 15 stack frames]]>
    </failure>
  </testcase> <!-- transferInputValidationCases -->
  <testcase classname="com.parabank.tests.AccountTests" name="verifyActivityFiltering" time="5.854"/>
  <testcase classname="com.parabank.tests.AccountTests" name="verifyActivityFiltering" time="5.146"/>
  <testcase classname="com.parabank.tests.BillPayTests" name="billPayInvalidAmount" time="10.676"/>
  <testcase classname="com.parabank.tests.LoginTests" name="testForgotLoginInfo" time="2.687"/>
  <testcase classname="com.parabank.tests.RegistrationTests" name="testRegistrationDuplicateUsername" time="8.335"/>
  <testcase classname="com.parabank.tests.TransferTests" name="transferInsufficientFunds" time="43.053">
    <failure type="org.openqa.selenium.TimeoutException" message="Expected condition failed: waiting for visibility of [[ChromeDriver: chrome on windows (d9d2a2c150a5014e64b6ad36f1238703)] -&amp;gt; css selector: #rightPanel .title] (tried for 20 second(s) with 500 milliseconds interval)
Build info: version: &amp;apos;4.24.0&amp;apos;, revision: &amp;apos;748ffc9bc3&amp;apos;
System info: os.name: &amp;apos;Windows 11&amp;apos;, os.arch: &amp;apos;amd64&amp;apos;, os.version: &amp;apos;10.0&amp;apos;, java.version: &amp;apos;21.0.6&amp;apos;
Driver info: org.openqa.selenium.chrome.ChromeDriver
Capabilities {acceptInsecureCerts: false, browserName: chrome, browserVersion: 140.0.7339.208, chrome: {chromedriverVersion: 140.0.7339.207 (17230b545fd..., userDataDir: C:\Users\pc\AppData\Local\T...}, fedcm:accounts: true, goog:chromeOptions: {debuggerAddress: localhost:52763}, networkConnectionEnabled: false, pageLoadStrategy: normal, platformName: windows, proxy: Proxy(), se:cdp: ws://localhost:52763/devtoo..., se:cdpVersion: 140.0.7339.208, setWindowRect: true, strictFileInteractability: false, timeouts: {implicit: 0, pageLoad: 300000, script: 30000}, unhandledPromptBehavior: dismiss and notify, webauthn:extension:credBlob: true, webauthn:extension:largeBlob: true, webauthn:extension:minPinLength: true, webauthn:extension:prf: true, webauthn:virtualAuthenticators: true}
Session ID: d9d2a2c150a5014e64b6ad36f1238703">
      <![CDATA[org.openqa.selenium.TimeoutException: Expected condition failed: waiting for visibility of [[ChromeDriver: chrome on windows (d9d2a2c150a5014e64b6ad36f1238703)] -> css selector: #rightPanel .title] (tried for 20 second(s) with 500 milliseconds interval)
Build info: version: '4.24.0', revision: '748ffc9bc3'
System info: os.name: 'Windows 11', os.arch: 'amd64', os.version: '10.0', java.version: '21.0.6'
Driver info: org.openqa.selenium.chrome.ChromeDriver
Capabilities {acceptInsecureCerts: false, browserName: chrome, browserVersion: 140.0.7339.208, chrome: {chromedriverVersion: 140.0.7339.207 (17230b545fd..., userDataDir: C:\Users\pc\AppData\Local\T...}, fedcm:accounts: true, goog:chromeOptions: {debuggerAddress: localhost:52763}, networkConnectionEnabled: false, pageLoadStrategy: normal, platformName: windows, proxy: Proxy(), se:cdp: ws://localhost:52763/devtoo..., se:cdpVersion: 140.0.7339.208, setWindowRect: true, strictFileInteractability: false, timeouts: {implicit: 0, pageLoad: 300000, script: 30000}, unhandledPromptBehavior: dismiss and notify, webauthn:extension:credBlob: true, webauthn:extension:largeBlob: true, webauthn:extension:minPinLength: true, webauthn:extension:prf: true, webauthn:virtualAuthenticators: true}
Session ID: d9d2a2c150a5014e64b6ad36f1238703
at org.openqa.selenium.support.ui.WebDriverWait.timeoutException(WebDriverWait.java:84)
at org.openqa.selenium.support.ui.FluentWait.until(FluentWait.java:228)
at com.parabank.pages.BasePage.getText(BasePage.java:39)
at com.parabank.pages.TransferFundsPage.getConfirmation(TransferFundsPage.java:87)
at com.parabank.tests.TransferTests.transferInsufficientFunds(TransferTests.java:138)
at java.base/java.util.ArrayList.forEach(ArrayList.java:1596)
at java.base/java.util.concurrent.FutureTask.run(FutureTask.java:317)
at java.base/java.util.concurrent.ThreadPoolExecutor.runWorker(ThreadPoolExecutor.java:1144)
at java.base/java.util.concurrent.ThreadPoolExecutor$Worker.run(ThreadPoolExecutor.java:642)
at java.base/java.lang.Thread.run(Thread.java:1583)
... Removed 15 stack frames]]>
    </failure>
  </testcase> <!-- transferInsufficientFunds -->
  <testcase classname="com.parabank.tests.LoanTests" name="updateProfile" time="6.075"/>
  <testcase classname="com.parabank.tests.AccountTests" name="verifyOpenNewAccount" time="6.397"/>
  <testcase classname="com.parabank.tests.AccountTests" name="verifyOpenNewAccount" time="7.682"/>
  <testcase classname="com.parabank.tests.BillPayTests" name="billPayConfirmationIncludesPayeeName" time="17.901"/>
  <testcase classname="com.parabank.tests.LoanTests" name="responsiveness" time="1.827"/>
  <testcase classname="com.parabank.tests.LoanTests" name="responsiveness" time="0.682"/>
  <testcase classname="com.parabank.tests.LoanTests" name="responsiveness" time="0.25"/>
  <testcase classname="com.parabank.tests.TransferTests" name="transferShowsConfirmationMessage" time="3.994"/>
  <testcase classname="com.parabank.tests.AccountTests" name="verifyBalanceCalculations" time="3.363"/>
  <testcase classname="com.parabank.tests.AccountTests" name="verifyOverviewTotalMatchesSum" time="2.713"/>
  <testcase classname="com.parabank.tests.AccountTests" name="verifyBalancesChangeAfterTransfer" time="14.571"/>
</testsuite> <!-- Chrome -->
