<?xml version="1.0" encoding="UTF-8"?>
<!-- Generated by org.testng.reporters.JUnitXMLReporter -->
<testsuite ignored="0" hostname="DESKTOP-B9DS4VV" failures="2" tests="51" name="Firefox" time="940.361" errors="0" timestamp="2025-10-05T14:34:50 IST">
  <testcase classname="com.parabank.tests.BillPayTests" name="billPayScenarios" time="5.504"/>
  <testcase classname="com.parabank.tests.BillPayTests" name="billPayScenarios" time="5.017"/>
  <testcase classname="com.parabank.tests.LoanTests" name="requestLoan" time="5.023"/>
  <testcase classname="com.parabank.tests.RegistrationTests" name="testRegistration" time="4.108"/>
  <testcase classname="com.parabank.tests.RegistrationTests" name="testRegistration" time="3.933"/>
  <testcase classname="com.parabank.tests.LoginTests" name="testSuccessfulLogin" time="4.771"/>
  <testcase classname="com.parabank.tests.LoginTests" name="testSuccessfulLogin" time="0.002"/>
  <testcase classname="com.parabank.tests.LoginTests" name="testSuccessfulLogin" time="0.002"/>
  <testcase classname="com.parabank.tests.LoginTests" name="testSuccessfulLogin" time="0.007"/>
  <testcase classname="com.parabank.tests.LoginTests" name="testSuccessfulLogin" time="0.002"/>
  <testcase classname="com.parabank.tests.LoginTests" name="testSuccessfulLogin" time="0.002"/>
  <testcase classname="com.parabank.tests.TransferTests" name="transferFunds" time="4.353"/>
  <testcase classname="com.parabank.tests.TransferTests" name="transferFunds" time="5.95"/>
  <testcase classname="com.parabank.tests.AccountTests" name="verifyAccountOverview" time="4.027"/>
  <testcase classname="com.parabank.tests.LoanTests" name="findTransactions" time="9.907"/>
  <testcase classname="com.parabank.tests.LoanTests" name="findTransactions" time="8.269"/>
  <testcase classname="com.parabank.tests.BillPayTests" name="paymentHistory" time="8.847"/>
  <testcase classname="com.parabank.tests.BillPayTests" name="paymentHistory" time="7.267"/>
  <testcase classname="com.parabank.tests.LoginTests" name="testBlankLogin" time="0.004"/>
  <testcase classname="com.parabank.tests.LoginTests" name="testBlankLogin" time="0.002"/>
  <testcase classname="com.parabank.tests.LoginTests" name="testBlankLogin" time="0.003"/>
  <testcase classname="com.parabank.tests.LoginTests" name="testBlankLogin" time="0.002"/>
  <testcase classname="com.parabank.tests.LoginTests" name="testBlankLogin" time="0.002"/>
  <testcase classname="com.parabank.tests.LoginTests" name="testBlankLogin" time="1.115"/>
  <testcase classname="com.parabank.tests.RegistrationTests" name="testRegistrationRequiredValidation" time="2.215"/>
  <testcase classname="com.parabank.tests.TransferTests" name="transferTransactionHistory" time="7.174"/>
  <testcase classname="com.parabank.tests.TransferTests" name="transferTransactionHistory" time="7.369"/>
  <testcase classname="com.parabank.tests.AccountTests" name="verifyAccountDetailsPage" time="3.545"/>
  <testcase classname="com.parabank.tests.BillPayTests" name="billPayRequiredFieldValidation" time="3.907"/>
  <testcase classname="com.parabank.tests.LoanTests" name="contactForm" time="1.971"/>
  <testcase classname="com.parabank.tests.LoginTests" name="testLogout" time="2.894"/>
  <testcase classname="com.parabank.tests.RegistrationTests" name="testRegistrationPasswordMismatch_clean" time="3.977"/>
  <testcase classname="com.parabank.tests.TransferTests" name="transferInputValidationCases" time="0.001"/>
  <testcase classname="com.parabank.tests.TransferTests" name="transferInputValidationCases" time="44.012">
    <failure type="org.openqa.selenium.TimeoutException" message="Expected condition failed: waiting for visibility of [[FirefoxDriver: firefox on windows (19b6b60b-c673-44db-b613-bd2a84881929)] -&amp;gt; css selector: #rightPanel .title] (tried for 20 second(s) with 500 milliseconds interval)
Build info: version: &amp;apos;4.24.0&amp;apos;, revision: &amp;apos;748ffc9bc3&amp;apos;
System info: os.name: &amp;apos;Windows 11&amp;apos;, os.arch: &amp;apos;amd64&amp;apos;, os.version: &amp;apos;10.0&amp;apos;, java.version: &amp;apos;21.0.6&amp;apos;
Driver info: org.openqa.selenium.firefox.FirefoxDriver
Capabilities {acceptInsecureCerts: true, browserName: firefox, browserVersion: 143.0.4, moz:accessibilityChecks: false, moz:buildID: 20251003115653, moz:geckodriverVersion: 0.36.0, moz:headless: false, moz:platformVersion: 10.0, moz:processID: 8716, moz:profile: C:\Users\pc\AppData\Local\T..., moz:shutdownTimeout: 60000, moz:webdriverClick: true, moz:windowless: false, pageLoadStrategy: normal, platformName: windows, proxy: Proxy(), setWindowRect: true, strictFileInteractability: false, timeouts: {implicit: 0, pageLoad: 300000, script: 30000}, unhandledPromptBehavior: dismiss and notify, userAgent: Mozilla/5.0 (Windows NT 10....}
Session ID: 19b6b60b-c673-44db-b613-bd2a84881929">
      <![CDATA[org.openqa.selenium.TimeoutException: Expected condition failed: waiting for visibility of [[FirefoxDriver: firefox on windows (19b6b60b-c673-44db-b613-bd2a84881929)] -> css selector: #rightPanel .title] (tried for 20 second(s) with 500 milliseconds interval)
Build info: version: '4.24.0', revision: '748ffc9bc3'
System info: os.name: 'Windows 11', os.arch: 'amd64', os.version: '10.0', java.version: '21.0.6'
Driver info: org.openqa.selenium.firefox.FirefoxDriver
Capabilities {acceptInsecureCerts: true, browserName: firefox, browserVersion: 143.0.4, moz:accessibilityChecks: false, moz:buildID: 20251003115653, moz:geckodriverVersion: 0.36.0, moz:headless: false, moz:platformVersion: 10.0, moz:processID: 8716, moz:profile: C:\Users\pc\AppData\Local\T..., moz:shutdownTimeout: 60000, moz:webdriverClick: true, moz:windowless: false, pageLoadStrategy: normal, platformName: windows, proxy: Proxy(), setWindowRect: true, strictFileInteractability: false, timeouts: {implicit: 0, pageLoad: 300000, script: 30000}, unhandledPromptBehavior: dismiss and notify, userAgent: Mozilla/5.0 (Windows NT 10....}
Session ID: 19b6b60b-c673-44db-b613-bd2a84881929
at org.openqa.selenium.support.ui.WebDriverWait.timeoutException(WebDriverWait.java:84)
at org.openqa.selenium.support.ui.FluentWait.until(FluentWait.java:228)
at com.parabank.pages.BasePage.getText(BasePage.java:39)
at com.parabank.pages.TransferFundsPage.getConfirmation(TransferFundsPage.java:87)
at com.parabank.tests.TransferTests.transferInputValidationCases(TransferTests.java:112)
at java.base/java.util.ArrayList.forEach(ArrayList.java:1596)
at java.base/java.util.concurrent.FutureTask.run(FutureTask.java:317)
at java.base/java.util.concurrent.ThreadPoolExecutor.runWorker(ThreadPoolExecutor.java:1144)
at java.base/java.util.concurrent.ThreadPoolExecutor$Worker.run(ThreadPoolExecutor.java:642)
at java.base/java.lang.Thread.run(Thread.java:1583)
... Removed 15 stack frames]]>
    </failure>
  </testcase> <!-- transferInputValidationCases -->
  <testcase classname="com.parabank.tests.AccountTests" name="verifyActivityFiltering" time="2.986"/>
  <testcase classname="com.parabank.tests.AccountTests" name="verifyActivityFiltering" time="4.776"/>
  <testcase classname="com.parabank.tests.BillPayTests" name="billPayInvalidAmount" time="4.593"/>
  <testcase classname="com.parabank.tests.LoginTests" name="testForgotLoginInfo" time="2.05"/>
  <testcase classname="com.parabank.tests.RegistrationTests" name="testRegistrationDuplicateUsername" time="7.569"/>
  <testcase classname="com.parabank.tests.TransferTests" name="transferInsufficientFunds" time="43.466">
    <failure type="org.openqa.selenium.TimeoutException" message="Expected condition failed: waiting for visibility of [[FirefoxDriver: firefox on windows (facf0b15-eac8-4dfd-bb6c-51e76d56521a)] -&amp;gt; css selector: #rightPanel .title] (tried for 20 second(s) with 500 milliseconds interval)
Build info: version: &amp;apos;4.24.0&amp;apos;, revision: &amp;apos;748ffc9bc3&amp;apos;
System info: os.name: &amp;apos;Windows 11&amp;apos;, os.arch: &amp;apos;amd64&amp;apos;, os.version: &amp;apos;10.0&amp;apos;, java.version: &amp;apos;21.0.6&amp;apos;
Driver info: org.openqa.selenium.firefox.FirefoxDriver
Capabilities {acceptInsecureCerts: true, browserName: firefox, browserVersion: 143.0.4, moz:accessibilityChecks: false, moz:buildID: 20251003115653, moz:geckodriverVersion: 0.36.0, moz:headless: false, moz:platformVersion: 10.0, moz:processID: 17336, moz:profile: C:\Users\pc\AppData\Local\T..., moz:shutdownTimeout: 60000, moz:webdriverClick: true, moz:windowless: false, pageLoadStrategy: normal, platformName: windows, proxy: Proxy(), setWindowRect: true, strictFileInteractability: false, timeouts: {implicit: 0, pageLoad: 300000, script: 30000}, unhandledPromptBehavior: dismiss and notify, userAgent: Mozilla/5.0 (Windows NT 10....}
Session ID: facf0b15-eac8-4dfd-bb6c-51e76d56521a">
      <![CDATA[org.openqa.selenium.TimeoutException: Expected condition failed: waiting for visibility of [[FirefoxDriver: firefox on windows (facf0b15-eac8-4dfd-bb6c-51e76d56521a)] -> css selector: #rightPanel .title] (tried for 20 second(s) with 500 milliseconds interval)
Build info: version: '4.24.0', revision: '748ffc9bc3'
System info: os.name: 'Windows 11', os.arch: 'amd64', os.version: '10.0', java.version: '21.0.6'
Driver info: org.openqa.selenium.firefox.FirefoxDriver
Capabilities {acceptInsecureCerts: true, browserName: firefox, browserVersion: 143.0.4, moz:accessibilityChecks: false, moz:buildID: 20251003115653, moz:geckodriverVersion: 0.36.0, moz:headless: false, moz:platformVersion: 10.0, moz:processID: 17336, moz:profile: C:\Users\pc\AppData\Local\T..., moz:shutdownTimeout: 60000, moz:webdriverClick: true, moz:windowless: false, pageLoadStrategy: normal, platformName: windows, proxy: Proxy(), setWindowRect: true, strictFileInteractability: false, timeouts: {implicit: 0, pageLoad: 300000, script: 30000}, unhandledPromptBehavior: dismiss and notify, userAgent: Mozilla/5.0 (Windows NT 10....}
Session ID: facf0b15-eac8-4dfd-bb6c-51e76d56521a
at org.openqa.selenium.support.ui.WebDriverWait.timeoutException(WebDriverWait.java:84)
at org.openqa.selenium.support.ui.FluentWait.until(FluentWait.java:228)
at com.parabank.pages.BasePage.getText(BasePage.java:39)
at com.parabank.pages.TransferFundsPage.getConfirmation(TransferFundsPage.java:87)
at com.parabank.tests.TransferTests.transferInsufficientFunds(TransferTests.java:138)
at java.base/java.util.ArrayList.forEach(ArrayList.java:1596)
at java.base/java.util.concurrent.FutureTask.run(FutureTask.java:317)
at java.base/java.util.concurrent.ThreadPoolExecutor.runWorker(ThreadPoolExecutor.java:1144)
at java.base/java.util.concurrent.ThreadPoolExecutor$Worker.run(ThreadPoolExecutor.java:642)
at java.base/java.lang.Thread.run(Thread.java:1583)
... Removed 15 stack frames]]>
    </failure>
  </testcase> <!-- transferInsufficientFunds -->
  <testcase classname="com.parabank.tests.LoanTests" name="updateProfile" time="4.441"/>
  <testcase classname="com.parabank.tests.AccountTests" name="verifyOpenNewAccount" time="4.489"/>
  <testcase classname="com.parabank.tests.AccountTests" name="verifyOpenNewAccount" time="3.981"/>
  <testcase classname="com.parabank.tests.BillPayTests" name="billPayConfirmationIncludesPayeeName" time="14.801"/>
  <testcase classname="com.parabank.tests.LoanTests" name="responsiveness" time="1.099"/>
  <testcase classname="com.parabank.tests.LoanTests" name="responsiveness" time="0.493"/>
  <testcase classname="com.parabank.tests.LoanTests" name="responsiveness" time="0.637"/>
  <testcase classname="com.parabank.tests.TransferTests" name="transferShowsConfirmationMessage" time="3.785"/>
  <testcase classname="com.parabank.tests.AccountTests" name="verifyBalanceCalculations" time="2.887"/>
  <testcase classname="com.parabank.tests.AccountTests" name="verifyOverviewTotalMatchesSum" time="3.007"/>
  <testcase classname="com.parabank.tests.AccountTests" name="verifyBalancesChangeAfterTransfer" time="4.794"/>
</testsuite> <!-- Firefox -->
