<html>
<head>
<title>TestNG:  Chrome</title>
<link href="../testng.css" rel="stylesheet" type="text/css" />
<link href="../my-testng.css" rel="stylesheet" type="text/css" />

<style type="text/css">
.log { display: none;} 
.stack-trace { display: none;} 
</style>
<script type="text/javascript">
<!--
function flip(e) {
  current = e.style.display;
  if (current == 'block') {
    e.style.display = 'none';
    return 0;
  }
  else {
    e.style.display = 'block';
    return 1;
  }
}

function toggleBox(szDivId, elem, msg1, msg2)
{
  var res = -1;  if (document.getElementById) {
    res = flip(document.getElementById(szDivId));
  }
  else if (document.all) {
    // this is the way old msie versions work
    res = flip(document.all[szDivId]);
  }
  if(elem) {
    if(res == 0) elem.innerHTML = msg1; else elem.innerHTML = msg2;
  }

}

function toggleAllBoxes() {
  if (document.getElementsByTagName) {
    d = document.getElementsByTagName('div');
    for (i = 0; i < d.length; i++) {
      if (d[i].className == 'log') {
        flip(d[i]);
      }
    }
  }
}

// -->
</script>

</head>
<body>
<h2 align='center'>Chrome</h2><table border='1' align="center">
<tr>
<td>Tests passed/Failed/Skipped:</td><td>47/4/0</td>
</tr><tr>
<td>Started on:</td><td>Sun Oct 05 14:45:48 IST 2025</td>
</tr>
<tr><td>Total time:</td><td>786 seconds (786753 ms)</td>
</tr><tr>
<td>Included groups:</td><td></td>
</tr><tr>
<td>Excluded groups:</td><td></td>
</tr>
</table><p/>
<small><i>(Hover the method name to see the test class name)</i></small><p/>
<table width='100%' border='1' class='invocation-failed'>
<tr><td colspan='4' align='center'><b>FAILED TESTS</b></td></tr>
<tr><td><b>Test method</b></td>
<td><b>Attribute(s)</b></td>
<td width="30%"><b>Exception</b></td>
<td width="10%"><b>Time (seconds)</b></td>
<td><b>Instance</b></td>
</tr>
<tr>
<td title='com.parabank.tests.TransferTests.transferInsufficientFunds()'><b>transferInsufficientFunds</b><br>Test class: com.parabank.tests.TransferTests<br>Test method: Transfer insufficient funds is rejected</td>
<td><div><pre>org.openqa.selenium.TimeoutException: Expected condition failed: waiting for visibility of [[ChromeDriver: chrome on windows (d9d2a2c150a5014e64b6ad36f1238703)] -&gt; css selector: #rightPanel .title] (tried for 20 second(s) with 500 milliseconds interval)
Build info: version: &apos;4.24.0&apos;, revision: &apos;748ffc9bc3&apos;
System info: os.name: &apos;Windows 11&apos;, os.arch: &apos;amd64&apos;, os.version: &apos;10.0&apos;, java.version: &apos;21.0.6&apos;
Driver info: org.openqa.selenium.chrome.ChromeDriver
Capabilities {acceptInsecureCerts: false, browserName: chrome, browserVersion: 140.0.7339.208, chrome: {chromedriverVersion: 140.0.7339.207 (17230b545fd..., userDataDir: C:\Users\pc\AppData\Local\T...}, fedcm:accounts: true, goog:chromeOptions: {debuggerAddress: localhost:52763}, networkConnectionEnabled: false, pageLoadStrategy: normal, platformName: windows, proxy: Proxy(), se:cdp: ws://localhost:52763/devtoo..., se:cdpVersion: 140.0.7339.208, setWindowRect: true, strictFileInteractability: false, timeouts: {implicit: 0, pageLoad: 300000, script: 30000}, unhandledPromptBehavior: dismiss and notify, webauthn:extension:credBlob: true, webauthn:extension:largeBlob: true, webauthn:extension:minPinLength: true, webauthn:extension:prf: true, webauthn:virtualAuthenticators: true}
Session ID: d9d2a2c150a5014e64b6ad36f1238703
	at org.openqa.selenium.support.ui.WebDriverWait.timeoutException(WebDriverWait.java:84)
	at org.openqa.selenium.support.ui.FluentWait.until(FluentWait.java:228)
	at com.parabank.pages.BasePage.getText(BasePage.java:39)
	at com.parabank.pages.TransferFundsPage.getConfirmation(TransferFundsPage.java:87)
	at com.parabank.tests.TransferTests.transferInsufficientFunds(TransferTests.java:138)
	at java.base/java.util.ArrayList.forEach(ArrayList.java:1596)
	at java.base/java.util.concurrent.FutureTask.run(FutureTask.java:317)
	at java.base/java.util.concurrent.ThreadPoolExecutor.runWorker(ThreadPoolExecutor.java:1144)
	at java.base/java.util.concurrent.ThreadPoolExecutor$Worker.run(ThreadPoolExecutor.java:642)
	at java.base/java.lang.Thread.run(Thread.java:1583)
... Removed 15 stack frames</pre></div><a href='#' onClick='toggleBox("stack-trace630679490", this, "Click to show all stack frames", "Click to hide stack frames")'>Click to show all stack frames</a>
<div class='stack-trace' id='stack-trace630679490'><pre>org.openqa.selenium.TimeoutException: Expected condition failed: waiting for visibility of [[ChromeDriver: chrome on windows (d9d2a2c150a5014e64b6ad36f1238703)] -&gt; css selector: #rightPanel .title] (tried for 20 second(s) with 500 milliseconds interval)
Build info: version: &apos;4.24.0&apos;, revision: &apos;748ffc9bc3&apos;
System info: os.name: &apos;Windows 11&apos;, os.arch: &apos;amd64&apos;, os.version: &apos;10.0&apos;, java.version: &apos;21.0.6&apos;
Driver info: org.openqa.selenium.chrome.ChromeDriver
Capabilities {acceptInsecureCerts: false, browserName: chrome, browserVersion: 140.0.7339.208, chrome: {chromedriverVersion: 140.0.7339.207 (17230b545fd..., userDataDir: C:\Users\pc\AppData\Local\T...}, fedcm:accounts: true, goog:chromeOptions: {debuggerAddress: localhost:52763}, networkConnectionEnabled: false, pageLoadStrategy: normal, platformName: windows, proxy: Proxy(), se:cdp: ws://localhost:52763/devtoo..., se:cdpVersion: 140.0.7339.208, setWindowRect: true, strictFileInteractability: false, timeouts: {implicit: 0, pageLoad: 300000, script: 30000}, unhandledPromptBehavior: dismiss and notify, webauthn:extension:credBlob: true, webauthn:extension:largeBlob: true, webauthn:extension:minPinLength: true, webauthn:extension:prf: true, webauthn:virtualAuthenticators: true}
Session ID: d9d2a2c150a5014e64b6ad36f1238703
	at org.openqa.selenium.support.ui.WebDriverWait.timeoutException(WebDriverWait.java:84)
	at org.openqa.selenium.support.ui.FluentWait.until(FluentWait.java:228)
	at com.parabank.pages.BasePage.getText(BasePage.java:39)
	at com.parabank.pages.TransferFundsPage.getConfirmation(TransferFundsPage.java:87)
	at com.parabank.tests.TransferTests.transferInsufficientFunds(TransferTests.java:138)
	at java.base/jdk.internal.reflect.DirectMethodHandleAccessor.invoke(DirectMethodHandleAccessor.java:103)
	at java.base/java.lang.reflect.Method.invoke(Method.java:580)
	at org.testng.internal.invokers.MethodInvocationHelper.invokeMethod(MethodInvocationHelper.java:141)
	at org.testng.internal.invokers.TestInvoker.invokeMethod(TestInvoker.java:687)
	at org.testng.internal.invokers.TestInvoker.invokeTestMethod(TestInvoker.java:230)
	at org.testng.internal.invokers.MethodRunner.runInSequence(MethodRunner.java:63)
	at org.testng.internal.invokers.TestInvoker$MethodInvocationAgent.invoke(TestInvoker.java:995)
	at org.testng.internal.invokers.TestInvoker.invokeTestMethods(TestInvoker.java:203)
	at org.testng.internal.invokers.TestMethodWorker.invokeTestMethods(TestMethodWorker.java:154)
	at org.testng.internal.invokers.TestMethodWorker.run(TestMethodWorker.java:134)
	at java.base/java.util.ArrayList.forEach(ArrayList.java:1596)
	at org.testng.TestRunner.privateRun(TestRunner.java:741)
	at org.testng.TestRunner.run(TestRunner.java:616)
	at org.testng.SuiteRunner.runTest(SuiteRunner.java:421)
	at org.testng.SuiteRunner$SuiteWorker.run(SuiteRunner.java:463)
	at org.testng.internal.thread.ThreadUtil.lambda$execute$0(ThreadUtil.java:64)
	at java.base/java.util.concurrent.FutureTask.run(FutureTask.java:317)
	at java.base/java.util.concurrent.ThreadPoolExecutor.runWorker(ThreadPoolExecutor.java:1144)
	at java.base/java.util.concurrent.ThreadPoolExecutor$Worker.run(ThreadPoolExecutor.java:642)
	at java.base/java.lang.Thread.run(Thread.java:1583)
</pre></div></td>
<td>43</td>
<td>com.parabank.tests.TransferTests@7530ad9c</td></tr>
<tr>
<td title='com.parabank.tests.BillPayTests.paymentHistory()'><b>paymentHistory</b><br>Test class: com.parabank.tests.BillPayTests<br>Parameters: john, demo, 5</td>
<td><div><pre>org.openqa.selenium.StaleElementReferenceException: stale element reference: stale element not found
  (Session info: chrome=140.0.7339.208)
For documentation on this error, please visit: https://www.selenium.dev/documentation/webdriver/troubleshooting/errors#stale-element-reference-exception
Build info: version: &apos;4.24.0&apos;, revision: &apos;748ffc9bc3&apos;
System info: os.name: &apos;Windows 11&apos;, os.arch: &apos;amd64&apos;, os.version: &apos;10.0&apos;, java.version: &apos;21.0.6&apos;
Driver info: org.openqa.selenium.chrome.ChromeDriver
Command: [6ab7d24b1631899fa4c5b036c0a8b975, isElementDisplayed {id=f.67661563E98F6113508CBEF160566EC8.d.134E82C9884AF7A03AF55F7D2C14149D.e.12}]
Capabilities {acceptInsecureCerts: false, browserName: chrome, browserVersion: 140.0.7339.208, chrome: {chromedriverVersion: 140.0.7339.207 (17230b545fd..., userDataDir: C:\Users\pc\AppData\Local\T...}, fedcm:accounts: true, goog:chromeOptions: {debuggerAddress: localhost:58808}, networkConnectionEnabled: false, pageLoadStrategy: normal, platformName: windows, proxy: Proxy(), se:cdp: ws://localhost:58808/devtoo..., se:cdpVersion: 140.0.7339.208, setWindowRect: true, strictFileInteractability: false, timeouts: {implicit: 0, pageLoad: 300000, script: 30000}, unhandledPromptBehavior: dismiss and notify, webauthn:extension:credBlob: true, webauthn:extension:largeBlob: true, webauthn:extension:minPinLength: true, webauthn:extension:prf: true, webauthn:virtualAuthenticators: true}
Element: [[ChromeDriver: chrome on windows (6ab7d24b1631899fa4c5b036c0a8b975)] -&gt; link text: Bill Pay]
Session ID: 6ab7d24b1631899fa4c5b036c0a8b975
	at org.openqa.selenium.remote.ErrorCodec.decode(ErrorCodec.java:167)
	at org.openqa.selenium.remote.codec.w3c.W3CHttpResponseCodec.decode(W3CHttpResponseCodec.java:138)
	at org.openqa.selenium.remote.codec.w3c.W3CHttpResponseCodec.decode(W3CHttpResponseCodec.java:50)
	at org.openqa.selenium.remote.HttpCommandExecutor.execute(HttpCommandExecutor.java:190)
	at org.openqa.selenium.remote.service.DriverCommandExecutor.invokeExecute(DriverCommandExecutor.java:216)
	at org.openqa.selenium.remote.service.DriverCommandExecutor.execute(DriverCommandExecutor.java:174)
	at org.openqa.selenium.remote.RemoteWebDriver.execute(RemoteWebDriver.java:545)
	at org.openqa.selenium.remote.RemoteWebElement.execute(RemoteWebElement.java:223)
	at org.openqa.selenium.remote.RemoteWebElement.isDisplayed(RemoteWebElement.java:282)
	at org.openqa.selenium.support.pagefactory.internal.LocatingElementHandler.invoke(LocatingElementHandler.java:51)
	at jdk.proxy2/jdk.proxy2.$Proxy21.isDisplayed(Unknown Source)
	at org.openqa.selenium.support.ui.ExpectedConditions.elementIfVisible(ExpectedConditions.java:304)
	at org.openqa.selenium.support.ui.ExpectedConditions$10.apply(ExpectedConditions.java:290)
	at org.openqa.selenium.support.ui.ExpectedConditions$10.apply(ExpectedConditions.java:287)
	at org.openqa.selenium.support.ui.ExpectedConditions$23.apply(ExpectedConditions.java:656)
	at org.openqa.selenium.support.ui.ExpectedConditions$23.apply(ExpectedConditions.java:652)
	at org.openqa.selenium.support.ui.FluentWait.until(FluentWait.java:203)
	at com.parabank.pages.BasePage.click(BasePage.java:23)
	at com.parabank.pages.AccountsOverviewPage.goToBillPay(AccountsOverviewPage.java:85)
	at com.parabank.tests.BillPayTests.paymentHistory(BillPayTests.java:49)
	at java.base/java.util.ArrayList.forEach(ArrayList.java:1596)
	at java.base/java.util.concurrent.FutureTask.run(FutureTask.java:317)
	at java.base/java.util.concurrent.ThreadPoolExecutor.runWorker(ThreadPoolExecutor.java:1144)
	at java.base/java.util.concurrent.ThreadPoolExecutor$Worker.run(ThreadPoolExecutor.java:642)
	at java.base/java.lang.Thread.run(Thread.java:1583)
... Removed 20 stack frames</pre></div><a href='#' onClick='toggleBox("stack-trace728603690", this, "Click to show all stack frames", "Click to hide stack frames")'>Click to show all stack frames</a>
<div class='stack-trace' id='stack-trace728603690'><pre>org.openqa.selenium.StaleElementReferenceException: stale element reference: stale element not found
  (Session info: chrome=140.0.7339.208)
For documentation on this error, please visit: https://www.selenium.dev/documentation/webdriver/troubleshooting/errors#stale-element-reference-exception
Build info: version: &apos;4.24.0&apos;, revision: &apos;748ffc9bc3&apos;
System info: os.name: &apos;Windows 11&apos;, os.arch: &apos;amd64&apos;, os.version: &apos;10.0&apos;, java.version: &apos;21.0.6&apos;
Driver info: org.openqa.selenium.chrome.ChromeDriver
Command: [6ab7d24b1631899fa4c5b036c0a8b975, isElementDisplayed {id=f.67661563E98F6113508CBEF160566EC8.d.134E82C9884AF7A03AF55F7D2C14149D.e.12}]
Capabilities {acceptInsecureCerts: false, browserName: chrome, browserVersion: 140.0.7339.208, chrome: {chromedriverVersion: 140.0.7339.207 (17230b545fd..., userDataDir: C:\Users\pc\AppData\Local\T...}, fedcm:accounts: true, goog:chromeOptions: {debuggerAddress: localhost:58808}, networkConnectionEnabled: false, pageLoadStrategy: normal, platformName: windows, proxy: Proxy(), se:cdp: ws://localhost:58808/devtoo..., se:cdpVersion: 140.0.7339.208, setWindowRect: true, strictFileInteractability: false, timeouts: {implicit: 0, pageLoad: 300000, script: 30000}, unhandledPromptBehavior: dismiss and notify, webauthn:extension:credBlob: true, webauthn:extension:largeBlob: true, webauthn:extension:minPinLength: true, webauthn:extension:prf: true, webauthn:virtualAuthenticators: true}
Element: [[ChromeDriver: chrome on windows (6ab7d24b1631899fa4c5b036c0a8b975)] -&gt; link text: Bill Pay]
Session ID: 6ab7d24b1631899fa4c5b036c0a8b975
	at java.base/jdk.internal.reflect.DirectConstructorHandleAccessor.newInstance(DirectConstructorHandleAccessor.java:62)
	at java.base/java.lang.reflect.Constructor.newInstanceWithCaller(Constructor.java:502)
	at java.base/java.lang.reflect.Constructor.newInstance(Constructor.java:486)
	at org.openqa.selenium.remote.ErrorCodec.decode(ErrorCodec.java:167)
	at org.openqa.selenium.remote.codec.w3c.W3CHttpResponseCodec.decode(W3CHttpResponseCodec.java:138)
	at org.openqa.selenium.remote.codec.w3c.W3CHttpResponseCodec.decode(W3CHttpResponseCodec.java:50)
	at org.openqa.selenium.remote.HttpCommandExecutor.execute(HttpCommandExecutor.java:190)
	at org.openqa.selenium.remote.service.DriverCommandExecutor.invokeExecute(DriverCommandExecutor.java:216)
	at org.openqa.selenium.remote.service.DriverCommandExecutor.execute(DriverCommandExecutor.java:174)
	at org.openqa.selenium.remote.RemoteWebDriver.execute(RemoteWebDriver.java:545)
	at org.openqa.selenium.remote.RemoteWebElement.execute(RemoteWebElement.java:223)
	at org.openqa.selenium.remote.RemoteWebElement.isDisplayed(RemoteWebElement.java:282)
	at java.base/jdk.internal.reflect.DirectMethodHandleAccessor.invoke(DirectMethodHandleAccessor.java:103)
	at java.base/java.lang.reflect.Method.invoke(Method.java:580)
	at org.openqa.selenium.support.pagefactory.internal.LocatingElementHandler.invoke(LocatingElementHandler.java:51)
	at jdk.proxy2/jdk.proxy2.$Proxy21.isDisplayed(Unknown Source)
	at org.openqa.selenium.support.ui.ExpectedConditions.elementIfVisible(ExpectedConditions.java:304)
	at org.openqa.selenium.support.ui.ExpectedConditions$10.apply(ExpectedConditions.java:290)
	at org.openqa.selenium.support.ui.ExpectedConditions$10.apply(ExpectedConditions.java:287)
	at org.openqa.selenium.support.ui.ExpectedConditions$23.apply(ExpectedConditions.java:656)
	at org.openqa.selenium.support.ui.ExpectedConditions$23.apply(ExpectedConditions.java:652)
	at org.openqa.selenium.support.ui.FluentWait.until(FluentWait.java:203)
	at com.parabank.pages.BasePage.click(BasePage.java:23)
	at com.parabank.pages.AccountsOverviewPage.goToBillPay(AccountsOverviewPage.java:85)
	at com.parabank.tests.BillPayTests.paymentHistory(BillPayTests.java:49)
	at java.base/jdk.internal.reflect.DirectMethodHandleAccessor.invoke(DirectMethodHandleAccessor.java:103)
	at java.base/java.lang.reflect.Method.invoke(Method.java:580)
	at org.testng.internal.invokers.MethodInvocationHelper.invokeMethod(MethodInvocationHelper.java:141)
	at org.testng.internal.invokers.TestInvoker.invokeMethod(TestInvoker.java:687)
	at org.testng.internal.invokers.TestInvoker.invokeTestMethod(TestInvoker.java:230)
	at org.testng.internal.invokers.MethodRunner.runInSequence(MethodRunner.java:63)
	at org.testng.internal.invokers.TestInvoker$MethodInvocationAgent.invoke(TestInvoker.java:995)
	at org.testng.internal.invokers.TestInvoker.invokeTestMethods(TestInvoker.java:203)
	at org.testng.internal.invokers.TestMethodWorker.invokeTestMethods(TestMethodWorker.java:154)
	at org.testng.internal.invokers.TestMethodWorker.run(TestMethodWorker.java:134)
	at java.base/java.util.ArrayList.forEach(ArrayList.java:1596)
	at org.testng.TestRunner.privateRun(TestRunner.java:741)
	at org.testng.TestRunner.run(TestRunner.java:616)
	at org.testng.SuiteRunner.runTest(SuiteRunner.java:421)
	at org.testng.SuiteRunner$SuiteWorker.run(SuiteRunner.java:463)
	at org.testng.internal.thread.ThreadUtil.lambda$execute$0(ThreadUtil.java:64)
	at java.base/java.util.concurrent.FutureTask.run(FutureTask.java:317)
	at java.base/java.util.concurrent.ThreadPoolExecutor.runWorker(ThreadPoolExecutor.java:1144)
	at java.base/java.util.concurrent.ThreadPoolExecutor$Worker.run(ThreadPoolExecutor.java:642)
	at java.base/java.lang.Thread.run(Thread.java:1583)
</pre></div></td>
<td>2</td>
<td>com.parabank.tests.BillPayTests@58a9760d</td></tr>
<tr>
<td title='com.parabank.tests.TransferTests.transferInputValidationCases()'><b>transferInputValidationCases</b><br>Test class: com.parabank.tests.TransferTests<br>Test method: Transfer validation: non-numeric and blank amounts are rejected<br>Parameters: john, demo, 0, Validation</td>
<td><div><pre>org.openqa.selenium.TimeoutException: Expected condition failed: waiting for visibility of [[ChromeDriver: chrome on windows (4885203bc46b0d2010a40e034500bdae)] -&gt; css selector: #rightPanel .title] (tried for 20 second(s) with 500 milliseconds interval)
Build info: version: &apos;4.24.0&apos;, revision: &apos;748ffc9bc3&apos;
System info: os.name: &apos;Windows 11&apos;, os.arch: &apos;amd64&apos;, os.version: &apos;10.0&apos;, java.version: &apos;21.0.6&apos;
Driver info: org.openqa.selenium.chrome.ChromeDriver
Capabilities {acceptInsecureCerts: false, browserName: chrome, browserVersion: 140.0.7339.208, chrome: {chromedriverVersion: 140.0.7339.207 (17230b545fd..., userDataDir: C:\Users\pc\AppData\Local\T...}, fedcm:accounts: true, goog:chromeOptions: {debuggerAddress: localhost:52139}, networkConnectionEnabled: false, pageLoadStrategy: normal, platformName: windows, proxy: Proxy(), se:cdp: ws://localhost:52139/devtoo..., se:cdpVersion: 140.0.7339.208, setWindowRect: true, strictFileInteractability: false, timeouts: {implicit: 0, pageLoad: 300000, script: 30000}, unhandledPromptBehavior: dismiss and notify, webauthn:extension:credBlob: true, webauthn:extension:largeBlob: true, webauthn:extension:minPinLength: true, webauthn:extension:prf: true, webauthn:virtualAuthenticators: true}
Session ID: 4885203bc46b0d2010a40e034500bdae
	at org.openqa.selenium.support.ui.WebDriverWait.timeoutException(WebDriverWait.java:84)
	at org.openqa.selenium.support.ui.FluentWait.until(FluentWait.java:228)
	at com.parabank.pages.BasePage.getText(BasePage.java:39)
	at com.parabank.pages.TransferFundsPage.getConfirmation(TransferFundsPage.java:87)
	at com.parabank.tests.TransferTests.transferInputValidationCases(TransferTests.java:112)
	at java.base/java.util.ArrayList.forEach(ArrayList.java:1596)
	at java.base/java.util.concurrent.FutureTask.run(FutureTask.java:317)
	at java.base/java.util.concurrent.ThreadPoolExecutor.runWorker(ThreadPoolExecutor.java:1144)
	at java.base/java.util.concurrent.ThreadPoolExecutor$Worker.run(ThreadPoolExecutor.java:642)
	at java.base/java.lang.Thread.run(Thread.java:1583)
... Removed 15 stack frames</pre></div><a href='#' onClick='toggleBox("stack-trace1192643406", this, "Click to show all stack frames", "Click to hide stack frames")'>Click to show all stack frames</a>
<div class='stack-trace' id='stack-trace1192643406'><pre>org.openqa.selenium.TimeoutException: Expected condition failed: waiting for visibility of [[ChromeDriver: chrome on windows (4885203bc46b0d2010a40e034500bdae)] -&gt; css selector: #rightPanel .title] (tried for 20 second(s) with 500 milliseconds interval)
Build info: version: &apos;4.24.0&apos;, revision: &apos;748ffc9bc3&apos;
System info: os.name: &apos;Windows 11&apos;, os.arch: &apos;amd64&apos;, os.version: &apos;10.0&apos;, java.version: &apos;21.0.6&apos;
Driver info: org.openqa.selenium.chrome.ChromeDriver
Capabilities {acceptInsecureCerts: false, browserName: chrome, browserVersion: 140.0.7339.208, chrome: {chromedriverVersion: 140.0.7339.207 (17230b545fd..., userDataDir: C:\Users\pc\AppData\Local\T...}, fedcm:accounts: true, goog:chromeOptions: {debuggerAddress: localhost:52139}, networkConnectionEnabled: false, pageLoadStrategy: normal, platformName: windows, proxy: Proxy(), se:cdp: ws://localhost:52139/devtoo..., se:cdpVersion: 140.0.7339.208, setWindowRect: true, strictFileInteractability: false, timeouts: {implicit: 0, pageLoad: 300000, script: 30000}, unhandledPromptBehavior: dismiss and notify, webauthn:extension:credBlob: true, webauthn:extension:largeBlob: true, webauthn:extension:minPinLength: true, webauthn:extension:prf: true, webauthn:virtualAuthenticators: true}
Session ID: 4885203bc46b0d2010a40e034500bdae
	at org.openqa.selenium.support.ui.WebDriverWait.timeoutException(WebDriverWait.java:84)
	at org.openqa.selenium.support.ui.FluentWait.until(FluentWait.java:228)
	at com.parabank.pages.BasePage.getText(BasePage.java:39)
	at com.parabank.pages.TransferFundsPage.getConfirmation(TransferFundsPage.java:87)
	at com.parabank.tests.TransferTests.transferInputValidationCases(TransferTests.java:112)
	at java.base/jdk.internal.reflect.DirectMethodHandleAccessor.invoke(DirectMethodHandleAccessor.java:103)
	at java.base/java.lang.reflect.Method.invoke(Method.java:580)
	at org.testng.internal.invokers.MethodInvocationHelper.invokeMethod(MethodInvocationHelper.java:141)
	at org.testng.internal.invokers.TestInvoker.invokeMethod(TestInvoker.java:687)
	at org.testng.internal.invokers.TestInvoker.invokeTestMethod(TestInvoker.java:230)
	at org.testng.internal.invokers.MethodRunner.runInSequence(MethodRunner.java:63)
	at org.testng.internal.invokers.TestInvoker$MethodInvocationAgent.invoke(TestInvoker.java:995)
	at org.testng.internal.invokers.TestInvoker.invokeTestMethods(TestInvoker.java:203)
	at org.testng.internal.invokers.TestMethodWorker.invokeTestMethods(TestMethodWorker.java:154)
	at org.testng.internal.invokers.TestMethodWorker.run(TestMethodWorker.java:134)
	at java.base/java.util.ArrayList.forEach(ArrayList.java:1596)
	at org.testng.TestRunner.privateRun(TestRunner.java:741)
	at org.testng.TestRunner.run(TestRunner.java:616)
	at org.testng.SuiteRunner.runTest(SuiteRunner.java:421)
	at org.testng.SuiteRunner$SuiteWorker.run(SuiteRunner.java:463)
	at org.testng.internal.thread.ThreadUtil.lambda$execute$0(ThreadUtil.java:64)
	at java.base/java.util.concurrent.FutureTask.run(FutureTask.java:317)
	at java.base/java.util.concurrent.ThreadPoolExecutor.runWorker(ThreadPoolExecutor.java:1144)
	at java.base/java.util.concurrent.ThreadPoolExecutor$Worker.run(ThreadPoolExecutor.java:642)
	at java.base/java.lang.Thread.run(Thread.java:1583)
</pre></div></td>
<td>49</td>
<td>com.parabank.tests.TransferTests@7530ad9c</td></tr>
<tr>
<td title='com.parabank.tests.TransferTests.transferFunds()'><b>transferFunds</b><br>Test class: com.parabank.tests.TransferTests<br>Parameters: john, demo, 0, Validation</td>
<td><div><pre>org.openqa.selenium.TimeoutException: Expected condition failed: waiting for visibility of [[ChromeDriver: chrome on windows (7f73425ceea52922f8e26e9d9ac54e4b)] -&gt; css selector: #rightPanel .title] (tried for 20 second(s) with 500 milliseconds interval)
Build info: version: &apos;4.24.0&apos;, revision: &apos;748ffc9bc3&apos;
System info: os.name: &apos;Windows 11&apos;, os.arch: &apos;amd64&apos;, os.version: &apos;10.0&apos;, java.version: &apos;21.0.6&apos;
Driver info: org.openqa.selenium.chrome.ChromeDriver
Capabilities {acceptInsecureCerts: false, browserName: chrome, browserVersion: 140.0.7339.208, chrome: {chromedriverVersion: 140.0.7339.207 (17230b545fd..., userDataDir: C:\Users\pc\AppData\Local\T...}, fedcm:accounts: true, goog:chromeOptions: {debuggerAddress: localhost:58317}, networkConnectionEnabled: false, pageLoadStrategy: normal, platformName: windows, proxy: Proxy(), se:cdp: ws://localhost:58317/devtoo..., se:cdpVersion: 140.0.7339.208, setWindowRect: true, strictFileInteractability: false, timeouts: {implicit: 0, pageLoad: 300000, script: 30000}, unhandledPromptBehavior: dismiss and notify, webauthn:extension:credBlob: true, webauthn:extension:largeBlob: true, webauthn:extension:minPinLength: true, webauthn:extension:prf: true, webauthn:virtualAuthenticators: true}
Session ID: 7f73425ceea52922f8e26e9d9ac54e4b
	at org.openqa.selenium.support.ui.WebDriverWait.timeoutException(WebDriverWait.java:84)
	at org.openqa.selenium.support.ui.FluentWait.until(FluentWait.java:228)
	at com.parabank.pages.BasePage.getText(BasePage.java:39)
	at com.parabank.pages.TransferFundsPage.getConfirmation(TransferFundsPage.java:87)
	at com.parabank.tests.TransferTests.transferFunds(TransferTests.java:37)
	at java.base/java.util.ArrayList.forEach(ArrayList.java:1596)
	at java.base/java.util.concurrent.FutureTask.run(FutureTask.java:317)
	at java.base/java.util.concurrent.ThreadPoolExecutor.runWorker(ThreadPoolExecutor.java:1144)
	at java.base/java.util.concurrent.ThreadPoolExecutor$Worker.run(ThreadPoolExecutor.java:642)
	at java.base/java.lang.Thread.run(Thread.java:1583)
... Removed 15 stack frames</pre></div><a href='#' onClick='toggleBox("stack-trace600706512", this, "Click to show all stack frames", "Click to hide stack frames")'>Click to show all stack frames</a>
<div class='stack-trace' id='stack-trace600706512'><pre>org.openqa.selenium.TimeoutException: Expected condition failed: waiting for visibility of [[ChromeDriver: chrome on windows (7f73425ceea52922f8e26e9d9ac54e4b)] -&gt; css selector: #rightPanel .title] (tried for 20 second(s) with 500 milliseconds interval)
Build info: version: &apos;4.24.0&apos;, revision: &apos;748ffc9bc3&apos;
System info: os.name: &apos;Windows 11&apos;, os.arch: &apos;amd64&apos;, os.version: &apos;10.0&apos;, java.version: &apos;21.0.6&apos;
Driver info: org.openqa.selenium.chrome.ChromeDriver
Capabilities {acceptInsecureCerts: false, browserName: chrome, browserVersion: 140.0.7339.208, chrome: {chromedriverVersion: 140.0.7339.207 (17230b545fd..., userDataDir: C:\Users\pc\AppData\Local\T...}, fedcm:accounts: true, goog:chromeOptions: {debuggerAddress: localhost:58317}, networkConnectionEnabled: false, pageLoadStrategy: normal, platformName: windows, proxy: Proxy(), se:cdp: ws://localhost:58317/devtoo..., se:cdpVersion: 140.0.7339.208, setWindowRect: true, strictFileInteractability: false, timeouts: {implicit: 0, pageLoad: 300000, script: 30000}, unhandledPromptBehavior: dismiss and notify, webauthn:extension:credBlob: true, webauthn:extension:largeBlob: true, webauthn:extension:minPinLength: true, webauthn:extension:prf: true, webauthn:virtualAuthenticators: true}
Session ID: 7f73425ceea52922f8e26e9d9ac54e4b
	at org.openqa.selenium.support.ui.WebDriverWait.timeoutException(WebDriverWait.java:84)
	at org.openqa.selenium.support.ui.FluentWait.until(FluentWait.java:228)
	at com.parabank.pages.BasePage.getText(BasePage.java:39)
	at com.parabank.pages.TransferFundsPage.getConfirmation(TransferFundsPage.java:87)
	at com.parabank.tests.TransferTests.transferFunds(TransferTests.java:37)
	at java.base/jdk.internal.reflect.DirectMethodHandleAccessor.invoke(DirectMethodHandleAccessor.java:103)
	at java.base/java.lang.reflect.Method.invoke(Method.java:580)
	at org.testng.internal.invokers.MethodInvocationHelper.invokeMethod(MethodInvocationHelper.java:141)
	at org.testng.internal.invokers.TestInvoker.invokeMethod(TestInvoker.java:687)
	at org.testng.internal.invokers.TestInvoker.invokeTestMethod(TestInvoker.java:230)
	at org.testng.internal.invokers.MethodRunner.runInSequence(MethodRunner.java:63)
	at org.testng.internal.invokers.TestInvoker$MethodInvocationAgent.invoke(TestInvoker.java:995)
	at org.testng.internal.invokers.TestInvoker.invokeTestMethods(TestInvoker.java:203)
	at org.testng.internal.invokers.TestMethodWorker.invokeTestMethods(TestMethodWorker.java:154)
	at org.testng.internal.invokers.TestMethodWorker.run(TestMethodWorker.java:134)
	at java.base/java.util.ArrayList.forEach(ArrayList.java:1596)
	at org.testng.TestRunner.privateRun(TestRunner.java:741)
	at org.testng.TestRunner.run(TestRunner.java:616)
	at org.testng.SuiteRunner.runTest(SuiteRunner.java:421)
	at org.testng.SuiteRunner$SuiteWorker.run(SuiteRunner.java:463)
	at org.testng.internal.thread.ThreadUtil.lambda$execute$0(ThreadUtil.java:64)
	at java.base/java.util.concurrent.FutureTask.run(FutureTask.java:317)
	at java.base/java.util.concurrent.ThreadPoolExecutor.runWorker(ThreadPoolExecutor.java:1144)
	at java.base/java.util.concurrent.ThreadPoolExecutor$Worker.run(ThreadPoolExecutor.java:642)
	at java.base/java.lang.Thread.run(Thread.java:1583)
</pre></div></td>
<td>27</td>
<td>com.parabank.tests.TransferTests@7530ad9c</td></tr>
</table><p>
<table width='100%' border='1' class='invocation-passed'>
<tr><td colspan='4' align='center'><b>PASSED TESTS</b></td></tr>
<tr><td><b>Test method</b></td>
<td><b>Attribute(s)</b></td>
<td width="30%"><b>Exception</b></td>
<td width="10%"><b>Time (seconds)</b></td>
<td><b>Instance</b></td>
</tr>
<tr>
<td title='com.parabank.tests.LoanTests.findTransactions()'><b>findTransactions</b><br>Test class: com.parabank.tests.LoanTests<br>Parameters: john, demo, 7.50</td>
<td></td>
<td>11</td>
<td>com.parabank.tests.LoanTests@71e9ddb4</td></tr>
<tr>
<td title='com.parabank.tests.LoginTests.testBlankLogin()'><b>testBlankLogin</b><br>Test class: com.parabank.tests.LoginTests<br>Parameters: john, , failure</td>
<td></td>
<td>0</td>
<td>com.parabank.tests.LoginTests@7817fd62</td></tr>
<tr>
<td title='com.parabank.tests.AccountTests.verifyAccountDetailsPage()'><b>verifyAccountDetailsPage</b><br>Test class: com.parabank.tests.AccountTests<br>Parameters: john, demo</td>
<td></td>
<td>7</td>
<td>com.parabank.tests.AccountTests@4e50c791</td></tr>
<tr>
<td title='com.parabank.tests.AccountTests.verifyActivityFiltering()'><b>verifyActivityFiltering</b><br>Test class: com.parabank.tests.AccountTests<br>Parameters: john, demo, All</td>
<td></td>
<td>5</td>
<td>com.parabank.tests.AccountTests@4e50c791</td></tr>
<tr>
<td title='com.parabank.tests.AccountTests.verifyBalanceCalculations()'><b>verifyBalanceCalculations</b><br>Test class: com.parabank.tests.AccountTests<br>Parameters: john, demo</td>
<td></td>
<td>3</td>
<td>com.parabank.tests.AccountTests@4e50c791</td></tr>
<tr>
<td title='com.parabank.tests.LoginTests.testBlankLogin()'><b>testBlankLogin</b><br>Test class: com.parabank.tests.LoginTests<br>Parameters: john, wrongpass, failure</td>
<td></td>
<td>0</td>
<td>com.parabank.tests.LoginTests@7817fd62</td></tr>
<tr>
<td title='com.parabank.tests.LoanTests.responsiveness()'><b>responsiveness</b><br>Test class: com.parabank.tests.LoanTests<br>Parameters: 375, 812</td>
<td></td>
<td>1</td>
<td>com.parabank.tests.LoanTests@71e9ddb4</td></tr>
<tr>
<td title='com.parabank.tests.RegistrationTests.testRegistration()'><b>testRegistration</b><br>Test class: com.parabank.tests.RegistrationTests<br>Parameters: Sohail, khan, 10 MK Street, Warangal, TG, 90210, 9551231111, 111-22-3333, user{uniq}, Pass@123</td>
<td></td>
<td>8</td>
<td>com.parabank.tests.RegistrationTests@1e66f1f5</td></tr>
<tr>
<td title='com.parabank.tests.LoginTests.testBlankLogin()'><b>testBlankLogin</b><br>Test class: com.parabank.tests.LoginTests<br>Parameters: , , failure</td>
<td></td>
<td>1</td>
<td>com.parabank.tests.LoginTests@7817fd62</td></tr>
<tr>
<td title='com.parabank.tests.LoginTests.testSuccessfulLogin()'><b>testSuccessfulLogin</b><br>Test class: com.parabank.tests.LoginTests<br>Parameters: invalidUser, demo, failure</td>
<td></td>
<td>0</td>
<td>com.parabank.tests.LoginTests@7817fd62</td></tr>
<tr>
<td title='com.parabank.tests.TransferTests.transferTransactionHistory()'><b>transferTransactionHistory</b><br>Test class: com.parabank.tests.TransferTests<br>Parameters: john, demo, 5</td>
<td></td>
<td>15</td>
<td>com.parabank.tests.TransferTests@7530ad9c</td></tr>
<tr>
<td title='com.parabank.tests.LoginTests.testSuccessfulLogin()'><b>testSuccessfulLogin</b><br>Test class: com.parabank.tests.LoginTests<br>Parameters: john, wrongpass, failure</td>
<td></td>
<td>0</td>
<td>com.parabank.tests.LoginTests@7817fd62</td></tr>
<tr>
<td title='com.parabank.tests.RegistrationTests.testRegistrationDuplicateUsername()'><b>testRegistrationDuplicateUsername</b><br>Test class: com.parabank.tests.RegistrationTests<br>Test method: Registration duplicate username should fail</td>
<td></td>
<td>8</td>
<td>com.parabank.tests.RegistrationTests@1e66f1f5</td></tr>
<tr>
<td title='com.parabank.tests.TransferTests.transferShowsConfirmationMessage()'><b>transferShowsConfirmationMessage</b><br>Test class: com.parabank.tests.TransferTests<br>Test method: Transfer success shows explicit confirmation text when valid</td>
<td></td>
<td>3</td>
<td>com.parabank.tests.TransferTests@7530ad9c</td></tr>
<tr>
<td title='com.parabank.tests.LoginTests.testBlankLogin()'><b>testBlankLogin</b><br>Test class: com.parabank.tests.LoginTests<br>Parameters: john, demo, success</td>
<td></td>
<td>0</td>
<td>com.parabank.tests.LoginTests@7817fd62</td></tr>
<tr>
<td title='com.parabank.tests.LoanTests.findTransactions()'><b>findTransactions</b><br>Test class: com.parabank.tests.LoanTests<br>Parameters: john, demo, 5</td>
<td></td>
<td>12</td>
<td>com.parabank.tests.LoanTests@71e9ddb4</td></tr>
<tr>
<td title='com.parabank.tests.BillPayTests.billPayInvalidAmount()'><b>billPayInvalidAmount</b><br>Test class: com.parabank.tests.BillPayTests<br>Test method: Bill Pay invalid amount is rejected</td>
<td></td>
<td>10</td>
<td>com.parabank.tests.BillPayTests@58a9760d</td></tr>
<tr>
<td title='com.parabank.tests.LoanTests.requestLoan()'><b>requestLoan</b><br>Test class: com.parabank.tests.LoanTests<br>Parameters: john, demo, 500, 50</td>
<td></td>
<td>8</td>
<td>com.parabank.tests.LoanTests@71e9ddb4</td></tr>
<tr>
<td title='com.parabank.tests.LoginTests.testForgotLoginInfo()'><b>testForgotLoginInfo</b><br>Test class: com.parabank.tests.LoginTests<br>Parameters: Sohail, Khan, 123 Main St, Hyderabad, TG, 590210, 123-45-6789</td>
<td></td>
<td>2</td>
<td>com.parabank.tests.LoginTests@7817fd62</td></tr>
<tr>
<td title='com.parabank.tests.AccountTests.verifyBalancesChangeAfterTransfer()'><b>verifyBalancesChangeAfterTransfer</b><br>Test class: com.parabank.tests.AccountTests<br>Test method: Balances adjust after a small transfer</td>
<td></td>
<td>14</td>
<td>com.parabank.tests.AccountTests@4e50c791</td></tr>
<tr>
<td title='com.parabank.tests.BillPayTests.billPayRequiredFieldValidation()'><b>billPayRequiredFieldValidation</b><br>Test class: com.parabank.tests.BillPayTests<br>Test method: Bill Pay validation: required fields</td>
<td></td>
<td>9</td>
<td>com.parabank.tests.BillPayTests@58a9760d</td></tr>
<tr>
<td title='com.parabank.tests.TransferTests.transferInputValidationCases()'><b>transferInputValidationCases</b><br>Test class: com.parabank.tests.TransferTests<br>Test method: Transfer validation: non-numeric and blank amounts are rejected<br>Parameters: john, demo, 5, success</td>
<td></td>
<td>0</td>
<td>com.parabank.tests.TransferTests@7530ad9c</td></tr>
<tr>
<td title='com.parabank.tests.LoanTests.responsiveness()'><b>responsiveness</b><br>Test class: com.parabank.tests.LoanTests<br>Parameters: 768, 1024</td>
<td></td>
<td>0</td>
<td>com.parabank.tests.LoanTests@71e9ddb4</td></tr>
<tr>
<td title='com.parabank.tests.LoginTests.testSuccessfulLogin()'><b>testSuccessfulLogin</b><br>Test class: com.parabank.tests.LoginTests<br>Parameters: , demo, failure</td>
<td></td>
<td>0</td>
<td>com.parabank.tests.LoginTests@7817fd62</td></tr>
<tr>
<td title='com.parabank.tests.BillPayTests.paymentHistory()'><b>paymentHistory</b><br>Test class: com.parabank.tests.BillPayTests<br>Parameters: john, demo, 7.50</td>
<td></td>
<td>23</td>
<td>com.parabank.tests.BillPayTests@58a9760d</td></tr>
<tr>
<td title='com.parabank.tests.BillPayTests.billPayConfirmationIncludesPayeeName()'><b>billPayConfirmationIncludesPayeeName</b><br>Test class: com.parabank.tests.BillPayTests<br>Test method: Bill Pay confirmation includes payee name when successful</td>
<td></td>
<td>17</td>
<td>com.parabank.tests.BillPayTests@58a9760d</td></tr>
<tr>
<td title='com.parabank.tests.RegistrationTests.testRegistration()'><b>testRegistration</b><br>Test class: com.parabank.tests.RegistrationTests<br>Parameters: Adeena, Noren, 22 Khan Street, Vizag, AP, 10001, 8551232222, 222-33-4444, alex{uniq}, Pass@123</td>
<td></td>
<td>8</td>
<td>com.parabank.tests.RegistrationTests@1e66f1f5</td></tr>
<tr>
<td title='com.parabank.tests.LoginTests.testLogout()'><b>testLogout</b><br>Test class: com.parabank.tests.LoginTests<br>Parameters: john, demo</td>
<td></td>
<td>3</td>
<td>com.parabank.tests.LoginTests@7817fd62</td></tr>
<tr>
<td title='com.parabank.tests.LoginTests.testSuccessfulLogin()'><b>testSuccessfulLogin</b><br>Test class: com.parabank.tests.LoginTests<br>Parameters: , , failure</td>
<td></td>
<td>0</td>
<td>com.parabank.tests.LoginTests@7817fd62</td></tr>
<tr>
<td title='com.parabank.tests.TransferTests.transferFunds()'><b>transferFunds</b><br>Test class: com.parabank.tests.TransferTests<br>Parameters: john, demo, 5, success</td>
<td></td>
<td>9</td>
<td>com.parabank.tests.TransferTests@7530ad9c</td></tr>
<tr>
<td title='com.parabank.tests.LoanTests.responsiveness()'><b>responsiveness</b><br>Test class: com.parabank.tests.LoanTests<br>Parameters: 1280, 800</td>
<td></td>
<td>0</td>
<td>com.parabank.tests.LoanTests@71e9ddb4</td></tr>
<tr>
<td title='com.parabank.tests.LoginTests.testSuccessfulLogin()'><b>testSuccessfulLogin</b><br>Test class: com.parabank.tests.LoginTests<br>Parameters: john, demo, success</td>
<td></td>
<td>3</td>
<td>com.parabank.tests.LoginTests@7817fd62</td></tr>
<tr>
<td title='com.parabank.tests.LoginTests.testBlankLogin()'><b>testBlankLogin</b><br>Test class: com.parabank.tests.LoginTests<br>Parameters: , demo, failure</td>
<td></td>
<td>0</td>
<td>com.parabank.tests.LoginTests@7817fd62</td></tr>
<tr>
<td title='com.parabank.tests.LoanTests.contactForm()'><b>contactForm</b><br>Test class: com.parabank.tests.LoanTests<br>Parameters: John Tester, john.tester@example.com, 9912345213, Need help with recent transaction.</td>
<td></td>
<td>7</td>
<td>com.parabank.tests.LoanTests@71e9ddb4</td></tr>
<tr>
<td title='com.parabank.tests.BillPayTests.billPayScenarios()'><b>billPayScenarios</b><br>Test class: com.parabank.tests.BillPayTests<br>Parameters: john, demo, , , Metro city, TG, 90210, 5551234567, 123456, , validation</td>
<td></td>
<td>9</td>
<td>com.parabank.tests.BillPayTests@58a9760d</td></tr>
<tr>
<td title='com.parabank.tests.LoanTests.updateProfile()'><b>updateProfile</b><br>Test class: com.parabank.tests.LoanTests<br>Parameters: john, demo, 99 Jubilee Hills, Hyderabad, US, 90210, 5559876543</td>
<td></td>
<td>6</td>
<td>com.parabank.tests.LoanTests@71e9ddb4</td></tr>
<tr>
<td title='com.parabank.tests.AccountTests.verifyOverviewTotalMatchesSum()'><b>verifyOverviewTotalMatchesSum</b><br>Test class: com.parabank.tests.AccountTests<br>Test method: Overview total equals the sum of account balances (within cents tolerance)</td>
<td></td>
<td>2</td>
<td>com.parabank.tests.AccountTests@4e50c791</td></tr>
<tr>
<td title='com.parabank.tests.LoginTests.testSuccessfulLogin()'><b>testSuccessfulLogin</b><br>Test class: com.parabank.tests.LoginTests<br>Parameters: john, , failure</td>
<td></td>
<td>0</td>
<td>com.parabank.tests.LoginTests@7817fd62</td></tr>
<tr>
<td title='com.parabank.tests.LoginTests.testBlankLogin()'><b>testBlankLogin</b><br>Test class: com.parabank.tests.LoginTests<br>Parameters: invalidUser, demo, failure</td>
<td></td>
<td>0</td>
<td>com.parabank.tests.LoginTests@7817fd62</td></tr>
<tr>
<td title='com.parabank.tests.RegistrationTests.testRegistrationRequiredValidation()'><b>testRegistrationRequiredValidation</b><br>Test class: com.parabank.tests.RegistrationTests<br>Test method: Registration required-field validation shows an error</td>
<td></td>
<td>4</td>
<td>com.parabank.tests.RegistrationTests@1e66f1f5</td></tr>
<tr>
<td title='com.parabank.tests.AccountTests.verifyOpenNewAccount()'><b>verifyOpenNewAccount</b><br>Test class: com.parabank.tests.AccountTests<br>Parameters: john, demo, SAVINGS</td>
<td></td>
<td>7</td>
<td>com.parabank.tests.AccountTests@4e50c791</td></tr>
<tr>
<td title='com.parabank.tests.AccountTests.verifyActivityFiltering()'><b>verifyActivityFiltering</b><br>Test class: com.parabank.tests.AccountTests<br>Parameters: john, demo, January</td>
<td></td>
<td>5</td>
<td>com.parabank.tests.AccountTests@4e50c791</td></tr>
<tr>
<td title='com.parabank.tests.AccountTests.verifyOpenNewAccount()'><b>verifyOpenNewAccount</b><br>Test class: com.parabank.tests.AccountTests<br>Parameters: john, demo, CHECKING</td>
<td></td>
<td>6</td>
<td>com.parabank.tests.AccountTests@4e50c791</td></tr>
<tr>
<td title='com.parabank.tests.BillPayTests.billPayScenarios()'><b>billPayScenarios</b><br>Test class: com.parabank.tests.BillPayTests<br>Parameters: john, demo, Acme Utilities, 1 Sohail lane, Metro city, TG, 90210, 9551234567, 123456, 7.5, success</td>
<td></td>
<td>14</td>
<td>com.parabank.tests.BillPayTests@58a9760d</td></tr>
<tr>
<td title='com.parabank.tests.AccountTests.verifyAccountOverview()'><b>verifyAccountOverview</b><br>Test class: com.parabank.tests.AccountTests<br>Parameters: john, demo</td>
<td></td>
<td>3</td>
<td>com.parabank.tests.AccountTests@4e50c791</td></tr>
<tr>
<td title='com.parabank.tests.RegistrationTests.testRegistrationPasswordMismatch_clean()'><b>testRegistrationPasswordMismatch_clean</b><br>Test class: com.parabank.tests.RegistrationTests<br>Test method: Registration should block password mismatch</td>
<td></td>
<td>8</td>
<td>com.parabank.tests.RegistrationTests@1e66f1f5</td></tr>
<tr>
<td title='com.parabank.tests.TransferTests.transferTransactionHistory()'><b>transferTransactionHistory</b><br>Test class: com.parabank.tests.TransferTests<br>Parameters: john, demo, 7.50</td>
<td></td>
<td>22</td>
<td>com.parabank.tests.TransferTests@7530ad9c</td></tr>
</table><p>
</body>
</html>