<?xml version="1.0" encoding="UTF-8"?>
<!-- Generated by org.testng.reporters.JUnitXMLReporter -->
<testsuite ignored="0" hostname="DESKTOP-B9DS4VV" failures="2" tests="51" name="Firefox" time="920.1" errors="0" timestamp="2025-10-05T15:01:08 IST">
  <testcase classname="com.parabank.tests.BillPayTests" name="billPayScenarios" time="4.995"/>
  <testcase classname="com.parabank.tests.BillPayTests" name="billPayScenarios" time="5.91"/>
  <testcase classname="com.parabank.tests.LoanTests" name="requestLoan" time="4.402"/>
  <testcase classname="com.parabank.tests.RegistrationTests" name="testRegistration" time="5.383"/>
  <testcase classname="com.parabank.tests.RegistrationTests" name="testRegistration" time="5.766"/>
  <testcase classname="com.parabank.tests.LoginTests" name="testSuccessfulLogin" time="2.856"/>
  <testcase classname="com.parabank.tests.LoginTests" name="testSuccessfulLogin" time="0.002"/>
  <testcase classname="com.parabank.tests.LoginTests" name="testSuccessfulLogin" time="0.003"/>
  <testcase classname="com.parabank.tests.LoginTests" name="testSuccessfulLogin" time="0.002"/>
  <testcase classname="com.parabank.tests.LoginTests" name="testSuccessfulLogin" time="0.002"/>
  <testcase classname="com.parabank.tests.LoginTests" name="testSuccessfulLogin" time="0.003"/>
  <testcase classname="com.parabank.tests.TransferTests" name="transferFunds" time="5.539"/>
  <testcase classname="com.parabank.tests.TransferTests" name="transferFunds" time="6.124"/>
  <testcase classname="com.parabank.tests.AccountTests" name="verifyAccountOverview" time="3.495"/>
  <testcase classname="com.parabank.tests.LoanTests" name="findTransactions" time="9.24"/>
  <testcase classname="com.parabank.tests.LoanTests" name="findTransactions" time="9.103"/>
  <testcase classname="com.parabank.tests.BillPayTests" name="paymentHistory" time="7.843"/>
  <testcase classname="com.parabank.tests.BillPayTests" name="paymentHistory" time="9.125"/>
  <testcase classname="com.parabank.tests.LoginTests" name="testBlankLogin" time="0.002"/>
  <testcase classname="com.parabank.tests.LoginTests" name="testBlankLogin" time="0.002"/>
  <testcase classname="com.parabank.tests.LoginTests" name="testBlankLogin" time="0.003"/>
  <testcase classname="com.parabank.tests.LoginTests" name="testBlankLogin" time="0.003"/>
  <testcase classname="com.parabank.tests.LoginTests" name="testBlankLogin" time="0.002"/>
  <testcase classname="com.parabank.tests.LoginTests" name="testBlankLogin" time="0.749"/>
  <testcase classname="com.parabank.tests.RegistrationTests" name="testRegistrationRequiredValidation" time="2.038"/>
  <testcase classname="com.parabank.tests.TransferTests" name="transferTransactionHistory" time="7.039"/>
  <testcase classname="com.parabank.tests.TransferTests" name="transferTransactionHistory" time="8.466"/>
  <testcase classname="com.parabank.tests.AccountTests" name="verifyAccountDetailsPage" time="3.372"/>
  <testcase classname="com.parabank.tests.BillPayTests" name="billPayRequiredFieldValidation" time="3.263"/>
  <testcase classname="com.parabank.tests.LoanTests" name="contactForm" time="1.591"/>
  <testcase classname="com.parabank.tests.LoginTests" name="testLogout" time="2.839"/>
  <testcase classname="com.parabank.tests.RegistrationTests" name="testRegistrationPasswordMismatch_clean" time="2.672"/>
  <testcase classname="com.parabank.tests.TransferTests" name="transferInputValidationCases" time="0.003"/>
  <testcase classname="com.parabank.tests.TransferTests" name="transferInputValidationCases" time="43.565">
    <failure type="org.openqa.selenium.TimeoutException" message="Expected condition failed: waiting for visibility of [[FirefoxDriver: firefox on windows (857be4e9-4059-4cec-adf6-621dab0077b3)] -&amp;gt; css selector: #rightPanel .title] (tried for 20 second(s) with 500 milliseconds interval)
Build info: version: &amp;apos;4.24.0&amp;apos;, revision: &amp;apos;748ffc9bc3&amp;apos;
System info: os.name: &amp;apos;Windows 11&amp;apos;, os.arch: &amp;apos;amd64&amp;apos;, os.version: &amp;apos;10.0&amp;apos;, java.version: &amp;apos;21.0.6&amp;apos;
Driver info: org.openqa.selenium.firefox.FirefoxDriver
Capabilities {acceptInsecureCerts: true, browserName: firefox, browserVersion: 143.0.4, moz:accessibilityChecks: false, moz:buildID: 20251003115653, moz:geckodriverVersion: 0.36.0, moz:headless: false, moz:platformVersion: 10.0, moz:processID: 2376, moz:profile: C:\Users\pc\AppData\Local\T..., moz:shutdownTimeout: 60000, moz:webdriverClick: true, moz:windowless: false, pageLoadStrategy: normal, platformName: windows, proxy: Proxy(), setWindowRect: true, strictFileInteractability: false, timeouts: {implicit: 0, pageLoad: 300000, script: 30000}, unhandledPromptBehavior: dismiss and notify, userAgent: Mozilla/5.0 (Windows NT 10....}
Session ID: 857be4e9-4059-4cec-adf6-621dab0077b3">
      <![CDATA[org.openqa.selenium.TimeoutException: Expected condition failed: waiting for visibility of [[FirefoxDriver: firefox on windows (857be4e9-4059-4cec-adf6-621dab0077b3)] -> css selector: #rightPanel .title] (tried for 20 second(s) with 500 milliseconds interval)
Build info: version: '4.24.0', revision: '748ffc9bc3'
System info: os.name: 'Windows 11', os.arch: 'amd64', os.version: '10.0', java.version: '21.0.6'
Driver info: org.openqa.selenium.firefox.FirefoxDriver
Capabilities {acceptInsecureCerts: true, browserName: firefox, browserVersion: 143.0.4, moz:accessibilityChecks: false, moz:buildID: 20251003115653, moz:geckodriverVersion: 0.36.0, moz:headless: false, moz:platformVersion: 10.0, moz:processID: 2376, moz:profile: C:\Users\pc\AppData\Local\T..., moz:shutdownTimeout: 60000, moz:webdriverClick: true, moz:windowless: false, pageLoadStrategy: normal, platformName: windows, proxy: Proxy(), setWindowRect: true, strictFileInteractability: false, timeouts: {implicit: 0, pageLoad: 300000, script: 30000}, unhandledPromptBehavior: dismiss and notify, userAgent: Mozilla/5.0 (Windows NT 10....}
Session ID: 857be4e9-4059-4cec-adf6-621dab0077b3
at org.openqa.selenium.support.ui.WebDriverWait.timeoutException(WebDriverWait.java:84)
at org.openqa.selenium.support.ui.FluentWait.until(FluentWait.java:228)
at com.parabank.pages.BasePage.getText(BasePage.java:39)
at com.parabank.pages.TransferFundsPage.getConfirmation(TransferFundsPage.java:87)
at com.parabank.tests.TransferTests.transferInputValidationCases(TransferTests.java:112)
at java.base/java.util.ArrayList.forEach(ArrayList.java:1596)
at java.base/java.util.concurrent.FutureTask.run(FutureTask.java:317)
at java.base/java.util.concurrent.ThreadPoolExecutor.runWorker(ThreadPoolExecutor.java:1144)
at java.base/java.util.concurrent.ThreadPoolExecutor$Worker.run(ThreadPoolExecutor.java:642)
at java.base/java.lang.Thread.run(Thread.java:1583)
... Removed 15 stack frames]]>
    </failure>
  </testcase> <!-- transferInputValidationCases -->
  <testcase classname="com.parabank.tests.AccountTests" name="verifyActivityFiltering" time="3.202"/>
  <testcase classname="com.parabank.tests.AccountTests" name="verifyActivityFiltering" time="3.354"/>
  <testcase classname="com.parabank.tests.BillPayTests" name="billPayInvalidAmount" time="5.769"/>
  <testcase classname="com.parabank.tests.LoginTests" name="testForgotLoginInfo" time="2.728"/>
  <testcase classname="com.parabank.tests.RegistrationTests" name="testRegistrationDuplicateUsername" time="8.1"/>
  <testcase classname="com.parabank.tests.TransferTests" name="transferInsufficientFunds" time="43.528">
    <failure type="org.openqa.selenium.TimeoutException" message="Expected condition failed: waiting for visibility of [[FirefoxDriver: firefox on windows (c04b5173-300b-4c03-9e25-a98c40461675)] -&amp;gt; css selector: #rightPanel .title] (tried for 20 second(s) with 500 milliseconds interval)
Build info: version: &amp;apos;4.24.0&amp;apos;, revision: &amp;apos;748ffc9bc3&amp;apos;
System info: os.name: &amp;apos;Windows 11&amp;apos;, os.arch: &amp;apos;amd64&amp;apos;, os.version: &amp;apos;10.0&amp;apos;, java.version: &amp;apos;21.0.6&amp;apos;
Driver info: org.openqa.selenium.firefox.FirefoxDriver
Capabilities {acceptInsecureCerts: true, browserName: firefox, browserVersion: 143.0.4, moz:accessibilityChecks: false, moz:buildID: 20251003115653, moz:geckodriverVersion: 0.36.0, moz:headless: false, moz:platformVersion: 10.0, moz:processID: 1348, moz:profile: C:\Users\pc\AppData\Local\T..., moz:shutdownTimeout: 60000, moz:webdriverClick: true, moz:windowless: false, pageLoadStrategy: normal, platformName: windows, proxy: Proxy(), setWindowRect: true, strictFileInteractability: false, timeouts: {implicit: 0, pageLoad: 300000, script: 30000}, unhandledPromptBehavior: dismiss and notify, userAgent: Mozilla/5.0 (Windows NT 10....}
Session ID: c04b5173-300b-4c03-9e25-a98c40461675">
      <![CDATA[org.openqa.selenium.TimeoutException: Expected condition failed: waiting for visibility of [[FirefoxDriver: firefox on windows (c04b5173-300b-4c03-9e25-a98c40461675)] -> css selector: #rightPanel .title] (tried for 20 second(s) with 500 milliseconds interval)
Build info: version: '4.24.0', revision: '748ffc9bc3'
System info: os.name: 'Windows 11', os.arch: 'amd64', os.version: '10.0', java.version: '21.0.6'
Driver info: org.openqa.selenium.firefox.FirefoxDriver
Capabilities {acceptInsecureCerts: true, browserName: firefox, browserVersion: 143.0.4, moz:accessibilityChecks: false, moz:buildID: 20251003115653, moz:geckodriverVersion: 0.36.0, moz:headless: false, moz:platformVersion: 10.0, moz:processID: 1348, moz:profile: C:\Users\pc\AppData\Local\T..., moz:shutdownTimeout: 60000, moz:webdriverClick: true, moz:windowless: false, pageLoadStrategy: normal, platformName: windows, proxy: Proxy(), setWindowRect: true, strictFileInteractability: false, timeouts: {implicit: 0, pageLoad: 300000, script: 30000}, unhandledPromptBehavior: dismiss and notify, userAgent: Mozilla/5.0 (Windows NT 10....}
Session ID: c04b5173-300b-4c03-9e25-a98c40461675
at org.openqa.selenium.support.ui.WebDriverWait.timeoutException(WebDriverWait.java:84)
at org.openqa.selenium.support.ui.FluentWait.until(FluentWait.java:228)
at com.parabank.pages.BasePage.getText(BasePage.java:39)
at com.parabank.pages.TransferFundsPage.getConfirmation(TransferFundsPage.java:87)
at com.parabank.tests.TransferTests.transferInsufficientFunds(TransferTests.java:138)
at java.base/java.util.ArrayList.forEach(ArrayList.java:1596)
at java.base/java.util.concurrent.FutureTask.run(FutureTask.java:317)
at java.base/java.util.concurrent.ThreadPoolExecutor.runWorker(ThreadPoolExecutor.java:1144)
at java.base/java.util.concurrent.ThreadPoolExecutor$Worker.run(ThreadPoolExecutor.java:642)
at java.base/java.lang.Thread.run(Thread.java:1583)
... Removed 15 stack frames]]>
    </failure>
  </testcase> <!-- transferInsufficientFunds -->
  <testcase classname="com.parabank.tests.LoanTests" name="updateProfile" time="4.415"/>
  <testcase classname="com.parabank.tests.AccountTests" name="verifyOpenNewAccount" time="3.953"/>
  <testcase classname="com.parabank.tests.AccountTests" name="verifyOpenNewAccount" time="3.728"/>
  <testcase classname="com.parabank.tests.BillPayTests" name="billPayConfirmationIncludesPayeeName" time="14.54"/>
  <testcase classname="com.parabank.tests.LoanTests" name="responsiveness" time="1.471"/>
  <testcase classname="com.parabank.tests.LoanTests" name="responsiveness" time="0.439"/>
  <testcase classname="com.parabank.tests.LoanTests" name="responsiveness" time="0.955"/>
  <testcase classname="com.parabank.tests.TransferTests" name="transferShowsConfirmationMessage" time="3.76"/>
  <testcase classname="com.parabank.tests.AccountTests" name="verifyBalanceCalculations" time="2.87"/>
  <testcase classname="com.parabank.tests.AccountTests" name="verifyOverviewTotalMatchesSum" time="2.688"/>
  <testcase classname="com.parabank.tests.AccountTests" name="verifyBalancesChangeAfterTransfer" time="4.931"/>
</testsuite> <!-- Firefox -->
